{"contracts/AAHooks.sol":{"l":{"30":4,"31":3,"35":1,"36":0,"40":10,"41":10,"45":2,"46":2,"50":0,"51":0,"55":1,"56":1,"61":0,"62":0,"63":0,"71":4,"74":4,"75":1,"78":3,"79":3,"80":0,"83":3,"84":3,"92":3,"93":3,"94":3},"path":"/Users/radoslawrajda/Documents/Repos/CryptoCatan/contracts/contracts/AAHooks.sol","s":{"1":4,"2":1,"3":2,"4":0,"5":1,"6":0,"7":0,"8":0,"9":4,"10":4,"11":1,"12":3,"13":3,"14":0,"15":3,"16":3,"17":3,"18":3,"19":3},"b":{"1":[3,1],"2":[0,1],"3":[2,0],"4":[0,0],"5":[1,0],"6":[0,1],"7":[0,0],"8":[1,3],"9":[1,0],"10":[0,0],"11":[0,0],"12":[0,3],"13":[3,1],"14":[3,0]},"f":{"1":4,"2":1,"3":10,"4":2,"5":0,"6":1,"7":0,"8":4,"9":3},"fnMap":{"1":{"name":"onlyEntryPoint","line":29,"loc":{"start":{"line":29,"column":4},"end":{"line":32,"column":4}}},"2":{"name":"onlyGasSponsor","line":34,"loc":{"start":{"line":34,"column":4},"end":{"line":37,"column":4}}},"3":{"name":"constructor","line":39,"loc":{"start":{"line":39,"column":4},"end":{"line":42,"column":4}}},"4":{"name":"setEntryPoint","line":44,"loc":{"start":{"line":44,"column":4},"end":{"line":47,"column":4}}},"5":{"name":"setSessionAuthority","line":49,"loc":{"start":{"line":49,"column":4},"end":{"line":52,"column":4}}},"6":{"name":"setGasSponsor","line":54,"loc":{"start":{"line":54,"column":4},"end":{"line":57,"column":4}}},"7":{"name":"reimburseSessionGas","line":60,"loc":{"start":{"line":60,"column":4},"end":{"line":64,"column":4}}},"8":{"name":"previewSponsorship","line":66,"loc":{"start":{"line":66,"column":4},"end":{"line":85,"column":4}}},"9":{"name":"sponsorUserOperation","line":90,"loc":{"start":{"line":87,"column":4},"end":{"line":95,"column":4}}}},"statementMap":{"1":{"start":{"line":30,"column":8},"end":{"line":30,"column":60}},"2":{"start":{"line":35,"column":8},"end":{"line":35,"column":88}},"3":{"start":{"line":45,"column":8},"end":{"line":45,"column":57}},"4":{"start":{"line":50,"column":8},"end":{"line":50,"column":77}},"5":{"start":{"line":55,"column":8},"end":{"line":55,"column":54}},"6":{"start":{"line":61,"column":8},"end":{"line":61,"column":80}},"7":{"start":{"line":62,"column":8},"end":{"line":62,"column":74}},"8":{"start":{"line":63,"column":8},"end":{"line":63,"column":74}},"9":{"start":{"line":71,"column":8},"end":{"line":71,"column":3065}},"10":{"start":{"line":74,"column":8},"end":{"line":74,"column":3196}},"11":{"start":{"line":75,"column":12},"end":{"line":75,"column":77}},"12":{"start":{"line":78,"column":8},"end":{"line":78,"column":83}},"13":{"start":{"line":79,"column":8},"end":{"line":79,"column":3485}},"14":{"start":{"line":80,"column":12},"end":{"line":80,"column":77}},"15":{"start":{"line":83,"column":8},"end":{"line":83,"column":71}},"16":{"start":{"line":84,"column":8},"end":{"line":84,"column":95}},"17":{"start":{"line":92,"column":8},"end":{"line":92,"column":80}},"18":{"start":{"line":93,"column":8},"end":{"line":93,"column":74}},"19":{"start":{"line":94,"column":8},"end":{"line":94,"column":74}}},"branchMap":{"1":{"line":30,"type":"if","locations":[{"start":{"line":30,"column":8},"end":{"line":30,"column":8}},{"start":{"line":30,"column":8},"end":{"line":30,"column":8}}]},"2":{"line":35,"type":"if","locations":[{"start":{"line":35,"column":8},"end":{"line":35,"column":8}},{"start":{"line":35,"column":8},"end":{"line":35,"column":8}}]},"3":{"line":44,"type":"if","locations":[{"start":{"line":44,"column":59},"end":{"line":44,"column":59}},{"start":{"line":44,"column":59},"end":{"line":44,"column":59}}]},"4":{"line":49,"type":"if","locations":[{"start":{"line":49,"column":64},"end":{"line":49,"column":64}},{"start":{"line":49,"column":64},"end":{"line":49,"column":64}}]},"5":{"line":54,"type":"if","locations":[{"start":{"line":54,"column":56},"end":{"line":54,"column":56}},{"start":{"line":54,"column":56},"end":{"line":54,"column":56}}]},"6":{"line":60,"type":"if","locations":[{"start":{"line":60,"column":104},"end":{"line":60,"column":104}},{"start":{"line":60,"column":104},"end":{"line":60,"column":104}}]},"7":{"line":60,"type":"if","locations":[{"start":{"line":60,"column":119},"end":{"line":60,"column":119}},{"start":{"line":60,"column":119},"end":{"line":60,"column":119}}]},"8":{"line":74,"type":"if","locations":[{"start":{"line":74,"column":8},"end":{"line":74,"column":8}},{"start":{"line":74,"column":8},"end":{"line":74,"column":8}}]},"9":{"line":74,"type":"cond-expr","locations":[{"start":{"line":74,"column":12},"end":{"line":74,"column":18}},{"start":{"line":74,"column":23},"end":{"line":74,"column":48}}]},"10":{"line":74,"type":"cond-expr","locations":[{"start":{"line":74,"column":12},"end":{"line":74,"column":48}},{"start":{"line":74,"column":53},"end":{"line":74,"column":71}}]},"11":{"line":74,"type":"cond-expr","locations":[{"start":{"line":74,"column":12},"end":{"line":74,"column":71}},{"start":{"line":74,"column":76},"end":{"line":74,"column":109}}]},"12":{"line":79,"type":"if","locations":[{"start":{"line":79,"column":8},"end":{"line":79,"column":8}},{"start":{"line":79,"column":8},"end":{"line":79,"column":8}}]},"13":{"line":89,"type":"if","locations":[{"start":{"line":89,"column":8},"end":{"line":89,"column":8}},{"start":{"line":89,"column":8},"end":{"line":89,"column":8}}]},"14":{"line":90,"type":"if","locations":[{"start":{"line":90,"column":8},"end":{"line":90,"column":8}},{"start":{"line":90,"column":8},"end":{"line":90,"column":8}}]}}},"contracts/ActorAware.sol":{"l":{"34":4,"35":4,"39":164,"40":164,"41":160,"44":4,"50":1,"85":10,"86":10,"90":1,"91":1,"95":1,"96":1,"107":8,"118":2,"119":2,"130":10,"137":10,"138":10,"142":6,"143":6,"144":6,"145":6,"146":6,"148":6,"149":6,"150":6,"152":5,"153":5,"154":5,"155":5,"156":5,"160":3,"161":3,"162":1,"165":2,"166":1,"167":1,"170":1,"174":1},"path":"/Users/radoslawrajda/Documents/Repos/CryptoCatan/contracts/contracts/ActorAware.sol","s":{"1":4,"2":164,"3":164,"4":160,"5":4,"6":1,"7":10,"8":1,"9":1,"10":8,"11":2,"12":2,"13":10,"14":6,"15":6,"16":6,"17":6,"18":6,"19":6,"20":6,"21":6,"22":5,"23":5,"24":5,"25":5,"26":3,"27":3,"28":1,"29":2,"30":1,"31":1,"32":1},"b":{"1":[4,0],"2":[160,4],"3":[10,0],"4":[1,0],"5":[1,0],"6":[8,0],"7":[2,0],"8":[6,0],"9":[6,0],"10":[6,0],"11":[6,0],"12":[6,0],"13":[5,1],"14":[5,0],"15":[1,2],"16":[1,1],"17":[1,0]},"f":{"1":59,"2":4,"3":164,"4":1,"5":17,"6":10,"7":1,"8":1,"9":8,"10":2,"11":10,"12":6,"13":3,"14":1},"fnMap":{"1":{"name":"constructor","line":29,"loc":{"start":{"line":29,"column":4},"end":{"line":29,"column":39}}},"2":{"name":"setActorAuthority","line":33,"loc":{"start":{"line":33,"column":4},"end":{"line":36,"column":4}}},"3":{"name":"_actor","line":38,"loc":{"start":{"line":38,"column":4},"end":{"line":45,"column":4}}},"4":{"name":"resolveActor","line":49,"loc":{"start":{"line":49,"column":4},"end":{"line":51,"column":4}}},"5":{"name":"constructor","line":55,"loc":{"start":{"line":55,"column":4},"end":{"line":55,"column":39}}},"6":{"name":"setSponsorPool","line":84,"loc":{"start":{"line":84,"column":4},"end":{"line":87,"column":4}}},"7":{"name":"setTrustedForwarder","line":89,"loc":{"start":{"line":89,"column":4},"end":{"line":92,"column":4}}},"8":{"name":"setLobbyManager","line":94,"loc":{"start":{"line":94,"column":4},"end":{"line":97,"column":4}}},"9":{"name":"setSessionPolicy","line":106,"loc":{"start":{"line":99,"column":4},"end":{"line":108,"column":4}}},"10":{"name":"setSessionPolicyFromLobbyManager","line":110,"loc":{"start":{"line":110,"column":4},"end":{"line":120,"column":4}}},"11":{"name":"_setSessionPolicy","line":122,"loc":{"start":{"line":122,"column":4},"end":{"line":139,"column":4}}},"12":{"name":"sponsorSessionAction","line":141,"loc":{"start":{"line":141,"column":4},"end":{"line":157,"column":4}}},"13":{"name":"resolveActor","line":159,"loc":{"start":{"line":159,"column":4},"end":{"line":171,"column":4}}},"14":{"name":"_extractForwardedActor","line":173,"loc":{"start":{"line":173,"column":4},"end":{"line":177,"column":4}}}},"statementMap":{"1":{"start":{"line":34,"column":8},"end":{"line":34,"column":64}},"2":{"start":{"line":39,"column":8},"end":{"line":39,"column":42}},"3":{"start":{"line":40,"column":8},"end":{"line":40,"column":1232}},"4":{"start":{"line":41,"column":12},"end":{"line":41,"column":29}},"5":{"start":{"line":44,"column":8},"end":{"line":44,"column":76}},"6":{"start":{"line":50,"column":8},"end":{"line":50,"column":21}},"7":{"start":{"line":85,"column":8},"end":{"line":85,"column":53}},"8":{"start":{"line":90,"column":8},"end":{"line":90,"column":68}},"9":{"start":{"line":95,"column":8},"end":{"line":95,"column":63}},"10":{"start":{"line":107,"column":8},"end":{"line":107,"column":88}},"11":{"start":{"line":118,"column":8},"end":{"line":118,"column":64}},"12":{"start":{"line":119,"column":8},"end":{"line":119,"column":88}},"13":{"start":{"line":138,"column":8},"end":{"line":138,"column":97}},"14":{"start":{"line":142,"column":8},"end":{"line":142,"column":65}},"15":{"start":{"line":143,"column":8},"end":{"line":143,"column":49}},"16":{"start":{"line":144,"column":8},"end":{"line":144,"column":67}},"17":{"start":{"line":145,"column":8},"end":{"line":145,"column":60}},"18":{"start":{"line":146,"column":8},"end":{"line":146,"column":70}},"19":{"start":{"line":148,"column":8},"end":{"line":148,"column":66}},"20":{"start":{"line":149,"column":8},"end":{"line":149,"column":57}},"21":{"start":{"line":150,"column":8},"end":{"line":150,"column":89}},"22":{"start":{"line":152,"column":8},"end":{"line":152,"column":34}},"23":{"start":{"line":153,"column":8},"end":{"line":153,"column":58}},"24":{"start":{"line":155,"column":8},"end":{"line":155,"column":97}},"25":{"start":{"line":156,"column":8},"end":{"line":156,"column":75}},"26":{"start":{"line":160,"column":8},"end":{"line":160,"column":61}},"27":{"start":{"line":161,"column":8},"end":{"line":161,"column":5687}},"28":{"start":{"line":162,"column":12},"end":{"line":162,"column":31}},"29":{"start":{"line":165,"column":8},"end":{"line":165,"column":5829}},"30":{"start":{"line":166,"column":12},"end":{"line":166,"column":68}},"31":{"start":{"line":167,"column":12},"end":{"line":167,"column":51}},"32":{"start":{"line":170,"column":8},"end":{"line":170,"column":21}}},"branchMap":{"1":{"line":33,"type":"if","locations":[{"start":{"line":33,"column":62},"end":{"line":33,"column":62}},{"start":{"line":33,"column":62},"end":{"line":33,"column":62}}]},"2":{"line":40,"type":"if","locations":[{"start":{"line":40,"column":8},"end":{"line":40,"column":8}},{"start":{"line":40,"column":8},"end":{"line":40,"column":8}}]},"3":{"line":84,"type":"if","locations":[{"start":{"line":84,"column":54},"end":{"line":84,"column":54}},{"start":{"line":84,"column":54},"end":{"line":84,"column":54}}]},"4":{"line":89,"type":"if","locations":[{"start":{"line":89,"column":64},"end":{"line":89,"column":64}},{"start":{"line":89,"column":64},"end":{"line":89,"column":64}}]},"5":{"line":94,"type":"if","locations":[{"start":{"line":94,"column":63},"end":{"line":94,"column":63}},{"start":{"line":94,"column":63},"end":{"line":94,"column":63}}]},"6":{"line":106,"type":"if","locations":[{"start":{"line":106,"column":15},"end":{"line":106,"column":15}},{"start":{"line":106,"column":15},"end":{"line":106,"column":15}}]},"7":{"line":118,"type":"if","locations":[{"start":{"line":118,"column":8},"end":{"line":118,"column":8}},{"start":{"line":118,"column":8},"end":{"line":118,"column":8}}]},"8":{"line":141,"type":"if","locations":[{"start":{"line":141,"column":105},"end":{"line":141,"column":105}},{"start":{"line":141,"column":105},"end":{"line":141,"column":105}}]},"9":{"line":143,"type":"if","locations":[{"start":{"line":143,"column":8},"end":{"line":143,"column":8}},{"start":{"line":143,"column":8},"end":{"line":143,"column":8}}]},"10":{"line":144,"type":"if","locations":[{"start":{"line":144,"column":8},"end":{"line":144,"column":8}},{"start":{"line":144,"column":8},"end":{"line":144,"column":8}}]},"11":{"line":145,"type":"if","locations":[{"start":{"line":145,"column":8},"end":{"line":145,"column":8}},{"start":{"line":145,"column":8},"end":{"line":145,"column":8}}]},"12":{"line":146,"type":"if","locations":[{"start":{"line":146,"column":8},"end":{"line":146,"column":8}},{"start":{"line":146,"column":8},"end":{"line":146,"column":8}}]},"13":{"line":150,"type":"if","locations":[{"start":{"line":150,"column":8},"end":{"line":150,"column":8}},{"start":{"line":150,"column":8},"end":{"line":150,"column":8}}]},"14":{"line":153,"type":"if","locations":[{"start":{"line":153,"column":8},"end":{"line":153,"column":8}},{"start":{"line":153,"column":8},"end":{"line":153,"column":8}}]},"15":{"line":161,"type":"if","locations":[{"start":{"line":161,"column":8},"end":{"line":161,"column":8}},{"start":{"line":161,"column":8},"end":{"line":161,"column":8}}]},"16":{"line":165,"type":"if","locations":[{"start":{"line":165,"column":8},"end":{"line":165,"column":8}},{"start":{"line":165,"column":8},"end":{"line":165,"column":8}}]},"17":{"line":166,"type":"if","locations":[{"start":{"line":166,"column":12},"end":{"line":166,"column":12}},{"start":{"line":166,"column":12},"end":{"line":166,"column":12}}]}}},"contracts/ActorAwareHarness.sol":{"l":{"8":5},"path":"/Users/radoslawrajda/Documents/Repos/CryptoCatan/contracts/contracts/ActorAwareHarness.sol","s":{"1":5},"b":{},"f":{"1":5},"fnMap":{"1":{"name":"resolvedActor","line":7,"loc":{"start":{"line":7,"column":4},"end":{"line":9,"column":4}}}},"statementMap":{"1":{"start":{"line":8,"column":8},"end":{"line":8,"column":23}}},"branchMap":{}},"contracts/AIGameMaster.sol":{"l":{"31":1,"32":1,"33":1,"34":1,"38":0,"39":0,"40":0,"41":0,"42":0,"43":0,"44":0,"48":0,"49":0,"50":0,"52":0,"53":0,"55":0,"56":0,"57":0,"58":0,"60":0,"64":0,"65":0,"69":0,"70":0,"74":1},"path":"/Users/radoslawrajda/Documents/Repos/CryptoCatan/contracts/contracts/AIGameMaster.sol","s":{"1":1,"2":1,"3":1,"4":1,"5":0,"6":0,"7":0,"8":0,"9":0,"10":0,"11":0,"12":0,"13":0,"14":0,"15":0,"16":0,"17":0,"18":1},"b":{"1":[0,0],"2":[0,0],"3":[0,0]},"f":{"1":1,"2":1,"3":0,"4":0,"5":0,"6":0,"7":1},"fnMap":{"1":{"name":"constructor","line":28,"loc":{"start":{"line":28,"column":4},"end":{"line":28,"column":19}}},"2":{"name":"logAction","line":30,"loc":{"start":{"line":30,"column":4},"end":{"line":35,"column":4}}},"3":{"name":"startRound","line":37,"loc":{"start":{"line":37,"column":4},"end":{"line":45,"column":4}}},"4":{"name":"endRound","line":47,"loc":{"start":{"line":47,"column":4},"end":{"line":61,"column":4}}},"5":{"name":"getRound","line":63,"loc":{"start":{"line":63,"column":4},"end":{"line":66,"column":4}}},"6":{"name":"logEvent","line":68,"loc":{"start":{"line":68,"column":4},"end":{"line":71,"column":4}}},"7":{"name":"eventsCount","line":73,"loc":{"start":{"line":73,"column":4},"end":{"line":75,"column":4}}}},"statementMap":{"1":{"start":{"line":31,"column":8},"end":{"line":31,"column":32}},"2":{"start":{"line":32,"column":8},"end":{"line":32,"column":94}},"3":{"start":{"line":33,"column":8},"end":{"line":33,"column":73}},"4":{"start":{"line":34,"column":8},"end":{"line":34,"column":35}},"5":{"start":{"line":38,"column":8},"end":{"line":38,"column":50}},"6":{"start":{"line":43,"column":8},"end":{"line":43,"column":66}},"7":{"start":{"line":44,"column":8},"end":{"line":44,"column":26}},"8":{"start":{"line":48,"column":8},"end":{"line":48,"column":50}},"9":{"start":{"line":49,"column":8},"end":{"line":49,"column":48}},"10":{"start":{"line":50,"column":8},"end":{"line":50,"column":75}},"11":{"start":{"line":53,"column":8},"end":{"line":53,"column":62}},"12":{"start":{"line":58,"column":8},"end":{"line":58,"column":66}},"13":{"start":{"line":60,"column":8},"end":{"line":60,"column":26}},"14":{"start":{"line":64,"column":8},"end":{"line":64,"column":50}},"15":{"start":{"line":65,"column":8},"end":{"line":65,"column":61}},"16":{"start":{"line":69,"column":8},"end":{"line":69,"column":94}},"17":{"start":{"line":70,"column":8},"end":{"line":70,"column":58}},"18":{"start":{"line":74,"column":8},"end":{"line":74,"column":31}}},"branchMap":{"1":{"line":49,"type":"if","locations":[{"start":{"line":49,"column":8},"end":{"line":49,"column":8}},{"start":{"line":49,"column":8},"end":{"line":49,"column":8}}]},"2":{"line":50,"type":"if","locations":[{"start":{"line":50,"column":8},"end":{"line":50,"column":8}},{"start":{"line":50,"column":8},"end":{"line":50,"column":8}}]},"3":{"line":68,"type":"if","locations":[{"start":{"line":68,"column":78},"end":{"line":68,"column":78}},{"start":{"line":68,"column":78},"end":{"line":68,"column":78}}]}}},"contracts/EntryPointImports.sol":{"l":{},"path":"/Users/radoslawrajda/Documents/Repos/CryptoCatan/contracts/contracts/EntryPointImports.sol","s":{},"b":{},"f":{},"fnMap":{},"statementMap":{},"branchMap":{}},"contracts/ERC8004Adapters.sol":{"l":{"25":1,"26":1,"27":1,"35":1,"39":1,"55":1,"59":1,"60":1,"64":0,"65":0,"74":1,"75":1,"76":1,"77":1,"78":1},"path":"/Users/radoslawrajda/Documents/Repos/CryptoCatan/contracts/contracts/ERC8004Adapters.sol","s":{"1":1,"2":1,"3":1,"4":1,"5":0,"6":1,"7":1,"8":1},"b":{"1":[1,0],"2":[1,0],"3":[1,0],"4":[0,0],"5":[1,0],"6":[1,0],"7":[1,0],"8":[1,0]},"f":{"1":1,"2":1,"3":1,"4":1,"5":1,"6":1,"7":0,"8":1},"fnMap":{"1":{"name":"constructor","line":17,"loc":{"start":{"line":17,"column":4},"end":{"line":17,"column":39}}},"2":{"name":"configureNextAction","line":24,"loc":{"start":{"line":24,"column":4},"end":{"line":28,"column":4}}},"3":{"name":"decideAction","line":30,"loc":{"start":{"line":30,"column":4},"end":{"line":36,"column":4}}},"4":{"name":"supportsInterface","line":38,"loc":{"start":{"line":38,"column":4},"end":{"line":40,"column":4}}},"5":{"name":"constructor","line":54,"loc":{"start":{"line":54,"column":4},"end":{"line":56,"column":4}}},"6":{"name":"setAgent","line":58,"loc":{"start":{"line":58,"column":4},"end":{"line":61,"column":4}}},"7":{"name":"setGameMaster","line":63,"loc":{"start":{"line":63,"column":4},"end":{"line":66,"column":4}}},"8":{"name":"relayAgentAction","line":71,"loc":{"start":{"line":68,"column":4},"end":{"line":79,"column":4}}}},"statementMap":{"1":{"start":{"line":27,"column":8},"end":{"line":27,"column":48}},"2":{"start":{"line":35,"column":8},"end":{"line":35,"column":38}},"3":{"start":{"line":39,"column":8},"end":{"line":39,"column":101}},"4":{"start":{"line":59,"column":8},"end":{"line":59,"column":42}},"5":{"start":{"line":64,"column":8},"end":{"line":64,"column":66}},"6":{"start":{"line":74,"column":8},"end":{"line":74,"column":52}},"7":{"start":{"line":75,"column":8},"end":{"line":75,"column":116}},"8":{"start":{"line":78,"column":8},"end":{"line":78,"column":59}}},"branchMap":{"1":{"line":24,"type":"if","locations":[{"start":{"line":24,"column":89},"end":{"line":24,"column":89}},{"start":{"line":24,"column":89},"end":{"line":24,"column":89}}]},"2":{"line":39,"type":"cond-expr","locations":[{"start":{"line":39,"column":15},"end":{"line":39,"column":60}},{"start":{"line":39,"column":65},"end":{"line":39,"column":100}}]},"3":{"line":58,"type":"if","locations":[{"start":{"line":58,"column":49},"end":{"line":58,"column":49}},{"start":{"line":58,"column":49},"end":{"line":58,"column":49}}]},"4":{"line":63,"type":"if","locations":[{"start":{"line":63,"column":59},"end":{"line":63,"column":59}},{"start":{"line":63,"column":59},"end":{"line":63,"column":59}}]},"5":{"line":70,"type":"if","locations":[{"start":{"line":70,"column":8},"end":{"line":70,"column":8}},{"start":{"line":70,"column":8},"end":{"line":70,"column":8}}]},"6":{"line":71,"type":"if","locations":[{"start":{"line":71,"column":8},"end":{"line":71,"column":8}},{"start":{"line":71,"column":8},"end":{"line":71,"column":8}}]},"7":{"line":74,"type":"if","locations":[{"start":{"line":74,"column":8},"end":{"line":74,"column":8}},{"start":{"line":74,"column":8},"end":{"line":74,"column":8}}]},"8":{"line":75,"type":"if","locations":[{"start":{"line":75,"column":8},"end":{"line":75,"column":8}},{"start":{"line":75,"column":8},"end":{"line":75,"column":8}}]}}},"contracts/GameConfig.sol":{"l":{"8":26,"12":5,"16":4,"21":7,"22":7,"23":1,"25":7,"26":0,"29":7,"33":3,"37":1,"42":1,"46":1,"51":1,"56":0,"60":0,"65":0},"path":"/Users/radoslawrajda/Documents/Repos/CryptoCatan/contracts/contracts/GameConfig.sol","s":{"1":26,"2":5,"3":4,"4":7,"5":7,"6":7,"7":7,"8":3,"9":1,"10":1,"11":1,"12":1,"13":0,"14":0,"15":0},"b":{"1":[0,7],"2":[2,1]},"f":{"1":26,"2":5,"3":4,"4":7,"5":3,"6":1,"7":1,"8":1,"9":1,"10":0,"11":0,"12":0},"fnMap":{"1":{"name":"startingResources","line":7,"loc":{"start":{"line":7,"column":4},"end":{"line":9,"column":4}}},"2":{"name":"buildCost","line":11,"loc":{"start":{"line":11,"column":4},"end":{"line":13,"column":4}}},"3":{"name":"upgradeCost","line":15,"loc":{"start":{"line":15,"column":4},"end":{"line":17,"column":4}}},"4":{"name":"discoverCost","line":20,"loc":{"start":{"line":20,"column":4},"end":{"line":30,"column":4}}},"5":{"name":"collectionEnergyCost","line":32,"loc":{"start":{"line":32,"column":4},"end":{"line":34,"column":4}}},"6":{"name":"endRoundAdvanceSeconds","line":36,"loc":{"start":{"line":36,"column":4},"end":{"line":38,"column":4}}},"7":{"name":"bankTradeGiveAmount","line":41,"loc":{"start":{"line":41,"column":4},"end":{"line":43,"column":4}}},"8":{"name":"bankTradeReceiveAmount","line":45,"loc":{"start":{"line":45,"column":4},"end":{"line":47,"column":4}}},"9":{"name":"gameMasterMaxGrantPerResource","line":50,"loc":{"start":{"line":50,"column":4},"end":{"line":52,"column":4}}},"10":{"name":"craftAlloyCost","line":55,"loc":{"start":{"line":55,"column":4},"end":{"line":57,"column":4}}},"11":{"name":"craftAlloyYield","line":59,"loc":{"start":{"line":59,"column":4},"end":{"line":61,"column":4}}},"12":{"name":"victoryGoodsThreshold","line":64,"loc":{"start":{"line":64,"column":4},"end":{"line":66,"column":4}}}},"statementMap":{"1":{"start":{"line":8,"column":8},"end":{"line":8,"column":35}},"2":{"start":{"line":12,"column":8},"end":{"line":12,"column":33}},"3":{"start":{"line":16,"column":8},"end":{"line":16,"column":33}},"4":{"start":{"line":21,"column":8},"end":{"line":21,"column":33}},"5":{"start":{"line":22,"column":8},"end":{"line":22,"column":1073}},"6":{"start":{"line":25,"column":8},"end":{"line":25,"column":1168}},"7":{"start":{"line":29,"column":8},"end":{"line":29,"column":74}},"8":{"start":{"line":33,"column":8},"end":{"line":33,"column":44}},"9":{"start":{"line":37,"column":8},"end":{"line":37,"column":18}},"10":{"start":{"line":42,"column":8},"end":{"line":42,"column":16}},"11":{"start":{"line":46,"column":8},"end":{"line":46,"column":16}},"12":{"start":{"line":51,"column":8},"end":{"line":51,"column":17}},"13":{"start":{"line":56,"column":8},"end":{"line":56,"column":30}},"14":{"start":{"line":60,"column":8},"end":{"line":60,"column":16}},"15":{"start":{"line":65,"column":8},"end":{"line":65,"column":17}}},"branchMap":{"1":{"line":25,"type":"if","locations":[{"start":{"line":25,"column":8},"end":{"line":25,"column":8}},{"start":{"line":25,"column":8},"end":{"line":25,"column":8}}]},"2":{"line":33,"type":"if","locations":[{"start":{"line":33,"column":37},"end":{"line":33,"column":38}},{"start":{"line":33,"column":42},"end":{"line":33,"column":43}}]}}},"contracts/GameCore.sol":{"l":{"142":57,"146":19,"147":19,"151":1080,"152":1080,"156":1,"157":1,"158":0,"159":0,"163":2158,"164":926,"167":1232,"171":1079,"175":0,"179":5,"188":5,"189":18,"190":18,"191":18,"192":18,"193":4,"197":1,"201":17,"202":17,"203":153,"204":153,"205":153,"206":1061,"207":1061,"208":1061,"209":1061,"210":1061,"211":1061,"212":1061,"219":19,"220":19,"221":3,"222":3,"223":1,"224":0,"226":1,"227":1,"228":1,"229":1,"235":50,"241":50,"242":22,"245":28,"246":26,"249":2,"250":2,"251":2,"252":2,"253":2,"254":2,"255":2,"259":3,"260":3,"261":3,"262":3,"263":3,"264":3,"265":3,"269":2,"270":2,"271":2,"272":2,"273":2,"274":2,"275":2,"279":2,"280":2,"281":2,"285":2,"286":2,"287":2,"291":3,"292":3,"293":3,"294":3,"298":2,"302":26,"306":26,"318":8,"322":32,"326":3,"327":3,"328":3,"329":3,"330":3,"331":3,"335":3,"336":3,"337":3,"338":3,"339":3,"343":1,"344":1,"345":1,"347":0,"348":0,"350":0,"351":0,"353":0,"354":0,"356":0,"361":1,"362":0,"364":1,"366":0,"368":0,"370":0,"375":2,"376":1,"378":1,"379":0,"381":1,"382":1,"386":0,"387":0,"389":0,"390":0,"391":0,"392":0,"393":0,"394":0,"395":0,"398":0,"399":0,"400":0,"402":0,"403":0,"408":17,"409":17,"410":17,"411":17,"412":17,"413":17,"414":17,"415":17,"416":17,"417":17,"418":17,"419":17,"420":17,"424":17,"425":17,"426":17,"427":0,"428":0,"429":0,"431":17,"432":17,"433":17,"434":17,"435":17,"436":17,"437":17,"438":17,"439":17,"443":9,"444":9,"445":9,"446":9,"447":9,"448":9,"453":19,"454":19,"455":19,"456":19,"457":19,"458":19,"459":19,"460":19,"461":19,"462":19,"463":0,"464":0,"465":0,"466":0,"468":19,"469":19,"471":19,"472":19,"473":19,"474":19,"475":19,"476":19,"478":19,"479":13,"484":19,"485":31,"486":6,"489":13,"493":5,"494":5,"495":5,"496":5,"497":5,"499":5,"500":5,"501":5,"502":5,"503":5,"504":5,"506":4,"507":4,"508":4,"509":4,"510":4,"511":4,"513":4,"514":4,"515":4,"516":4,"518":4,"519":4,"520":4,"522":4,"526":4,"527":4,"528":4,"529":4,"530":4,"531":4,"532":4,"533":3,"534":3,"535":3,"536":3,"537":3,"538":3,"542":3,"543":3,"544":3,"545":3,"546":3,"547":3,"548":3,"549":3,"550":3,"551":3,"552":3,"553":2,"554":2,"555":2,"559":2,"560":2,"561":2,"562":2,"563":2,"564":2,"565":2,"566":1,"567":1,"568":1,"569":1,"570":1,"574":2,"575":2,"576":2,"577":2,"578":2,"579":2,"580":2,"581":2,"582":2,"583":2,"584":2,"585":1,"586":1,"587":1,"588":1,"589":1,"590":1,"591":1,"595":1,"599":1,"600":1,"601":1,"602":1,"603":1,"604":1,"605":1,"615":1,"616":1,"617":1,"621":1,"622":1,"623":1,"624":1,"625":1,"626":1,"627":1,"628":1,"629":1,"630":1,"631":1,"632":1,"633":1,"634":1,"635":1,"636":1,"637":1,"638":1,"639":1,"640":1,"641":1,"642":1,"643":1,"648":1,"649":1,"650":1,"651":1,"652":1,"653":1,"654":1,"655":1,"656":1,"657":1,"658":1,"659":1,"663":4,"664":4,"665":4,"666":4,"667":4,"668":4,"669":4,"670":1,"671":1,"673":3,"675":4,"685":4,"686":4,"687":4,"691":8,"692":8,"693":8,"694":8,"695":8,"696":8,"697":8,"698":8,"699":8,"700":8,"701":8,"702":8,"703":7,"704":7,"706":7,"708":7,"714":1,"715":1,"716":1,"717":1,"720":7,"725":1,"726":1,"727":1,"728":1,"733":0,"734":0,"735":0,"736":0,"737":0,"738":0,"739":0,"740":0,"742":0,"743":0,"744":0,"745":0,"746":0,"747":0,"751":1,"752":1,"753":1,"754":1,"765":1,"766":1,"767":1,"768":1,"769":1,"770":1,"771":1,"772":1,"773":1,"774":1,"775":1,"779":0,"783":0,"787":0,"791":0,"795":0,"799":0,"804":0,"805":0,"806":0,"807":0,"808":0,"809":0,"810":0,"811":0,"812":0,"813":0,"814":0,"815":0,"816":0,"817":0,"823":0,"824":0,"825":0,"826":0,"827":0,"828":0,"829":0,"830":0,"831":0,"832":0,"836":17,"837":17,"838":17,"839":17,"841":17,"842":13,"843":13,"845":4,"847":17,"849":17,"850":17,"851":17,"855":3,"870":14,"871":14,"882":2,"883":2,"897":2,"898":2,"912":1,"916":16,"917":16,"921":0,"944":2,"945":2,"965":4,"966":4},"path":"/Users/radoslawrajda/Documents/Repos/CryptoCatan/contracts/contracts/GameCore.sol","s":{"1":57,"2":19,"3":19,"4":1080,"5":1080,"6":1,"7":0,"8":1,"9":1,"10":0,"11":0,"12":0,"13":2158,"14":926,"15":1232,"16":1079,"17":5,"18":5,"19":18,"20":18,"21":18,"22":18,"23":4,"24":1,"25":17,"26":17,"27":153,"28":153,"29":153,"30":1061,"31":1061,"32":1061,"33":19,"34":19,"35":3,"36":3,"37":1,"38":1,"39":1,"40":50,"41":50,"42":22,"43":28,"44":26,"45":2,"46":2,"47":2,"48":2,"49":3,"50":3,"51":3,"52":3,"53":2,"54":2,"55":2,"56":2,"57":2,"58":2,"59":2,"60":2,"61":3,"62":3,"63":3,"64":2,"65":26,"66":8,"67":32,"68":3,"69":1,"70":1,"71":0,"72":0,"73":0,"74":0,"75":0,"76":0,"77":0,"78":1,"79":1,"80":0,"81":0,"82":0,"83":2,"84":1,"85":1,"86":0,"87":1,"88":0,"89":0,"90":0,"91":0,"92":0,"93":0,"94":0,"95":0,"96":0,"97":0,"98":0,"99":17,"100":17,"101":17,"102":17,"103":17,"104":17,"105":17,"106":17,"107":17,"108":17,"109":0,"110":17,"111":17,"112":17,"113":9,"114":9,"115":9,"116":9,"117":9,"118":19,"119":19,"120":19,"121":19,"122":19,"123":19,"124":19,"125":19,"126":19,"127":19,"128":19,"129":19,"130":19,"131":19,"132":19,"133":13,"134":19,"135":31,"136":6,"137":13,"138":5,"139":5,"140":5,"141":5,"142":5,"143":5,"144":5,"145":5,"146":5,"147":5,"148":5,"149":4,"150":4,"151":4,"152":4,"153":4,"154":4,"155":4,"156":4,"157":4,"158":4,"159":4,"160":4,"161":4,"162":3,"163":3,"164":3,"165":3,"166":3,"167":3,"168":3,"169":3,"170":3,"171":3,"172":3,"173":3,"174":3,"175":3,"176":3,"177":3,"178":2,"179":2,"180":2,"181":2,"182":2,"183":2,"184":2,"185":2,"186":2,"187":1,"188":1,"189":1,"190":1,"191":2,"192":2,"193":2,"194":2,"195":2,"196":2,"197":2,"198":2,"199":2,"200":2,"201":2,"202":1,"203":1,"204":1,"205":1,"206":1,"207":1,"208":0,"209":0,"210":1,"211":1,"212":1,"213":1,"214":1,"215":1,"216":1,"217":1,"218":1,"219":1,"220":1,"221":1,"222":1,"223":1,"224":1,"225":1,"226":1,"227":1,"228":1,"229":1,"230":1,"231":1,"232":1,"233":1,"234":1,"235":1,"236":1,"237":1,"238":1,"239":1,"240":1,"241":1,"242":1,"243":1,"244":1,"245":1,"246":1,"247":1,"248":1,"249":1,"250":1,"251":1,"252":1,"253":1,"254":1,"255":4,"256":4,"257":4,"258":4,"259":4,"260":4,"261":4,"262":1,"263":1,"264":3,"265":4,"266":4,"267":4,"268":4,"269":8,"270":8,"271":8,"272":8,"273":8,"274":8,"275":8,"276":8,"277":8,"278":8,"279":8,"280":8,"281":7,"282":7,"283":7,"284":1,"285":1,"286":7,"287":1,"288":1,"289":0,"290":0,"291":0,"292":0,"293":0,"294":0,"295":0,"296":0,"297":0,"298":0,"299":0,"300":0,"301":1,"302":1,"303":1,"304":1,"305":1,"306":1,"307":1,"308":1,"309":1,"310":1,"311":1,"312":1,"313":1,"314":1,"315":0,"316":0,"317":0,"318":0,"319":0,"320":0,"321":0,"322":0,"323":0,"324":0,"325":0,"326":0,"327":0,"328":0,"329":0,"330":0,"331":0,"332":0,"333":0,"334":0,"335":0,"336":0,"337":0,"338":0,"339":0,"340":17,"341":17,"342":17,"343":17,"344":17,"345":17,"346":3,"347":14,"348":14,"349":2,"350":2,"351":2,"352":2,"353":1,"354":16,"355":16,"356":0,"357":2,"358":2,"359":4,"360":4},"b":{"1":[0,1],"2":[1,0],"3":[0,0],"4":[926,1232],"5":[4,14],"6":[68,85],"7":[68,85],"8":[1061,0],"9":[1,2],"10":[0,1],"11":[22,28],"12":[22,0],"13":[26,2],"14":[3,0],"15":[3,0],"16":[3,0],"17":[2,0],"18":[2,0],"19":[2,0],"20":[32,0],"21":[3,0],"22":[1,0],"23":[1,0],"24":[0,0],"25":[0,0],"26":[0,0],"27":[0,0],"28":[0,0],"29":[0,0],"30":[0,1],"31":[1,0],"32":[0,0],"33":[0,0],"34":[1,1],"35":[0,1],"36":[0,0],"37":[0,0],"38":[0,0],"39":[0,0],"40":[17,0],"41":[17,0],"42":[0,17],"43":[17,0],"44":[17,0],"45":[9,0],"46":[9,0],"47":[19,0],"48":[19,0],"49":[19,0],"50":[0,19],"51":[19,0],"52":[19,0],"53":[19,0],"54":[13,6],"55":[6,25],"56":[5,0],"57":[5,0],"58":[5,0],"59":[5,0],"60":[4,1],"61":[4,0],"62":[4,0],"63":[4,0],"64":[4,0],"65":[4,0],"66":[3,1],"67":[3,0],"68":[3,0],"69":[3,0],"70":[3,0],"71":[3,0],"72":[3,0],"73":[2,1],"74":[2,0],"75":[1,1],"76":[1,0],"77":[1,0],"78":[2,0],"79":[2,0],"80":[2,0],"81":[2,0],"82":[1,1],"83":[1,0],"84":[1,0],"85":[0,1],"86":[1,0],"87":[0,0],"88":[0,0],"89":[1,0],"90":[1,0],"91":[1,0],"92":[1,0],"93":[1,0],"94":[1,0],"95":[0,1],"96":[1,0],"97":[1,0],"98":[1,0],"99":[1,0],"100":[1,0],"101":[1,0],"102":[4,0],"103":[4,0],"104":[3,1],"105":[1,3],"106":[1,0],"107":[1,0],"108":[3,0],"109":[8,0],"110":[8,0],"111":[8,0],"112":[6,2],"113":[7,1],"114":[6,1],"115":[1,6],"116":[1,6],"117":[0,0],"118":[0,0],"119":[1,0],"120":[1,0],"121":[1,0],"122":[1,0],"123":[1,0],"124":[1,0],"125":[0,0],"126":[0,0],"127":[0,0],"128":[0,0],"129":[0,0],"130":[17,0],"131":[13,4],"132":[17,0],"133":[13,4]},"f":{"1":21,"2":57,"3":19,"4":1080,"5":1,"6":2158,"7":1079,"8":0,"9":5,"10":17,"11":19,"12":50,"13":3,"14":2,"15":2,"16":2,"17":3,"18":2,"19":26,"20":26,"21":8,"22":32,"23":3,"24":3,"25":1,"26":1,"27":2,"28":0,"29":17,"30":17,"31":9,"32":19,"33":19,"34":5,"35":4,"36":3,"37":2,"38":2,"39":1,"40":1,"41":1,"42":4,"43":8,"44":0,"45":1,"46":1,"47":0,"48":0,"49":0,"50":0,"51":0,"52":0,"53":0,"54":0,"55":17,"56":3,"57":14,"58":2,"59":2,"60":1,"61":16,"62":0,"63":2,"64":4},"fnMap":{"1":{"name":"constructor","line":139,"loc":{"start":{"line":139,"column":4},"end":{"line":139,"column":19}}},"2":{"name":"_abs","line":141,"loc":{"start":{"line":141,"column":4},"end":{"line":143,"column":4}}},"3":{"name":"_isWithinRadius","line":145,"loc":{"start":{"line":145,"column":4},"end":{"line":148,"column":4}}},"4":{"name":"_biomeAt","line":150,"loc":{"start":{"line":150,"column":4},"end":{"line":153,"column":4}}},"5":{"name":"_resourceKeyForBiome","line":155,"loc":{"start":{"line":155,"column":4},"end":{"line":160,"column":4}}},"6":{"name":"_intToString","line":162,"loc":{"start":{"line":162,"column":4},"end":{"line":168,"column":4}}},"7":{"name":"_hexId","line":170,"loc":{"start":{"line":170,"column":4},"end":{"line":172,"column":4}}},"8":{"name":"_exploreCost","line":174,"loc":{"start":{"line":174,"column":4},"end":{"line":176,"column":4}}},"9":{"name":"_hasAdjacentOwnedHex","line":178,"loc":{"start":{"line":178,"column":4},"end":{"line":198,"column":4}}},"10":{"name":"_initializeMap","line":200,"loc":{"start":{"line":200,"column":4},"end":{"line":216,"column":4}}},"11":{"name":"_resolveMaturedProposals","line":218,"loc":{"start":{"line":218,"column":4},"end":{"line":232,"column":4}}},"12":{"name":"_syncRoundFromTimestamp","line":234,"loc":{"start":{"line":234,"column":4},"end":{"line":256,"column":4}}},"13":{"name":"_payBuildCost","line":258,"loc":{"start":{"line":258,"column":4},"end":{"line":266,"column":4}}},"14":{"name":"_payUpgradeCost","line":268,"loc":{"start":{"line":268,"column":4},"end":{"line":276,"column":4}}},"15":{"name":"getBuildCost","line":278,"loc":{"start":{"line":278,"column":4},"end":{"line":282,"column":4}}},"16":{"name":"getUpgradeCost","line":284,"loc":{"start":{"line":284,"column":4},"end":{"line":288,"column":4}}},"17":{"name":"previewDiscoverCost","line":290,"loc":{"start":{"line":290,"column":4},"end":{"line":295,"column":4}}},"18":{"name":"previewCollectionEnergyCost","line":297,"loc":{"start":{"line":297,"column":4},"end":{"line":299,"column":4}}},"19":{"name":"_startingResources","line":301,"loc":{"start":{"line":301,"column":4},"end":{"line":303,"column":4}}},"20":{"name":"_createPlayerState","line":305,"loc":{"start":{"line":305,"column":4},"end":{"line":315,"column":4}}},"21":{"name":"_voteKey","line":317,"loc":{"start":{"line":317,"column":4},"end":{"line":319,"column":4}}},"22":{"name":"_requireNotEnded","line":321,"loc":{"start":{"line":321,"column":4},"end":{"line":323,"column":4}}},"23":{"name":"_subtractResources","line":325,"loc":{"start":{"line":325,"column":4},"end":{"line":332,"column":4}}},"24":{"name":"_addResources","line":334,"loc":{"start":{"line":334,"column":4},"end":{"line":340,"column":4}}},"25":{"name":"_subtractKind","line":342,"loc":{"start":{"line":342,"column":4},"end":{"line":358,"column":4}}},"26":{"name":"_addKind","line":360,"loc":{"start":{"line":360,"column":4},"end":{"line":372,"column":4}}},"27":{"name":"_applyEndGameIfPassed","line":374,"loc":{"start":{"line":374,"column":4},"end":{"line":383,"column":4}}},"28":{"name":"_finalizeLastStandingOrAbandon","line":385,"loc":{"start":{"line":385,"column":4},"end":{"line":405,"column":4}}},"29":{"name":"bootstrapLobby","line":407,"loc":{"start":{"line":407,"column":4},"end":{"line":421,"column":4}}},"30":{"name":"startGame","line":423,"loc":{"start":{"line":423,"column":4},"end":{"line":440,"column":4}}},"31":{"name":"joinLobby","line":442,"loc":{"start":{"line":442,"column":4},"end":{"line":450,"column":4}}},"32":{"name":"pickStartingHex","line":452,"loc":{"start":{"line":452,"column":4},"end":{"line":481,"column":4}}},"33":{"name":"_allPlayersPicked","line":483,"loc":{"start":{"line":483,"column":4},"end":{"line":490,"column":4}}},"34":{"name":"discoverHex","line":492,"loc":{"start":{"line":492,"column":4},"end":{"line":523,"column":4}}},"35":{"name":"buildStructure","line":525,"loc":{"start":{"line":525,"column":4},"end":{"line":539,"column":4}}},"36":{"name":"upgradeStructure","line":541,"loc":{"start":{"line":541,"column":4},"end":{"line":556,"column":4}}},"37":{"name":"destroyStructure","line":558,"loc":{"start":{"line":558,"column":4},"end":{"line":571,"column":4}}},"38":{"name":"collect","line":573,"loc":{"start":{"line":573,"column":4},"end":{"line":596,"column":4}}},"39":{"name":"createTrade","line":598,"loc":{"start":{"line":598,"column":4},"end":{"line":618,"column":4}}},"40":{"name":"acceptTrade","line":620,"loc":{"start":{"line":620,"column":4},"end":{"line":644,"column":4}}},"41":{"name":"tradeWithBank","line":647,"loc":{"start":{"line":647,"column":4},"end":{"line":660,"column":4}}},"42":{"name":"createProposal","line":662,"loc":{"start":{"line":662,"column":4},"end":{"line":688,"column":4}}},"43":{"name":"vote","line":690,"loc":{"start":{"line":690,"column":4},"end":{"line":730,"column":4}}},"44":{"name":"resolveProposal","line":732,"loc":{"start":{"line":732,"column":4},"end":{"line":748,"column":4}}},"45":{"name":"setLobbyGameMaster","line":750,"loc":{"start":{"line":750,"column":4},"end":{"line":755,"column":4}}},"46":{"name":"gameMasterAdjustResources","line":758,"loc":{"start":{"line":758,"column":4},"end":{"line":776,"column":4}}},"47":{"name":"getLobbyGameMaster","line":778,"loc":{"start":{"line":778,"column":4},"end":{"line":780,"column":4}}},"48":{"name":"getBankTradeParams","line":782,"loc":{"start":{"line":782,"column":4},"end":{"line":784,"column":4}}},"49":{"name":"previewCraftAlloyCost","line":786,"loc":{"start":{"line":786,"column":4},"end":{"line":788,"column":4}}},"50":{"name":"getVictoryGoodsThreshold","line":790,"loc":{"start":{"line":790,"column":4},"end":{"line":792,"column":4}}},"51":{"name":"getProposalCount","line":794,"loc":{"start":{"line":794,"column":4},"end":{"line":796,"column":4}}},"52":{"name":"getPlayerCraftedGoods","line":798,"loc":{"start":{"line":798,"column":4},"end":{"line":800,"column":4}}},"53":{"name":"craftAlloy","line":803,"loc":{"start":{"line":803,"column":4},"end":{"line":819,"column":4}}},"54":{"name":"concede","line":822,"loc":{"start":{"line":822,"column":4},"end":{"line":833,"column":4}}},"55":{"name":"_advanceRound","line":835,"loc":{"start":{"line":835,"column":4},"end":{"line":852,"column":4}}},"56":{"name":"advanceRound","line":854,"loc":{"start":{"line":854,"column":4},"end":{"line":856,"column":4}}},"57":{"name":"getLobbyRound","line":858,"loc":{"start":{"line":858,"column":4},"end":{"line":879,"column":4}}},"58":{"name":"getMapConfig","line":881,"loc":{"start":{"line":881,"column":4},"end":{"line":884,"column":4}}},"59":{"name":"getHexTile","line":886,"loc":{"start":{"line":886,"column":4},"end":{"line":909,"column":4}}},"60":{"name":"getLobbyPlayers","line":911,"loc":{"start":{"line":911,"column":4},"end":{"line":913,"column":4}}},"61":{"name":"getPlayerResources","line":915,"loc":{"start":{"line":915,"column":4},"end":{"line":918,"column":4}}},"62":{"name":"getPlayerOwnedHexCount","line":920,"loc":{"start":{"line":920,"column":4},"end":{"line":922,"column":4}}},"63":{"name":"getTrade","line":924,"loc":{"start":{"line":924,"column":4},"end":{"line":962,"column":4}}},"64":{"name":"getProposal","line":964,"loc":{"start":{"line":964,"column":4},"end":{"line":967,"column":4}}}},"statementMap":{"1":{"start":{"line":142,"column":8},"end":{"line":142,"column":51}},"2":{"start":{"line":146,"column":8},"end":{"line":146,"column":39}},"3":{"start":{"line":147,"column":8},"end":{"line":147,"column":75}},"4":{"start":{"line":151,"column":8},"end":{"line":151,"column":72}},"5":{"start":{"line":152,"column":8},"end":{"line":152,"column":31}},"6":{"start":{"line":156,"column":8},"end":{"line":156,"column":48}},"7":{"start":{"line":156,"column":35},"end":{"line":156,"column":48}},"8":{"start":{"line":157,"column":8},"end":{"line":157,"column":48}},"9":{"start":{"line":157,"column":35},"end":{"line":157,"column":48}},"10":{"start":{"line":158,"column":8},"end":{"line":158,"column":52}},"11":{"start":{"line":158,"column":38},"end":{"line":158,"column":52}},"12":{"start":{"line":159,"column":8},"end":{"line":159,"column":20}},"13":{"start":{"line":163,"column":8},"end":{"line":163,"column":5568}},"14":{"start":{"line":164,"column":12},"end":{"line":164,"column":65}},"15":{"start":{"line":167,"column":8},"end":{"line":167,"column":40}},"16":{"start":{"line":171,"column":8},"end":{"line":171,"column":67}},"17":{"start":{"line":179,"column":8},"end":{"line":179,"column":6204}},"18":{"start":{"line":188,"column":8},"end":{"line":188,"column":6477}},"19":{"start":{"line":189,"column":12},"end":{"line":189,"column":51}},"20":{"start":{"line":190,"column":12},"end":{"line":190,"column":51}},"21":{"start":{"line":191,"column":12},"end":{"line":191,"column":98}},"22":{"start":{"line":192,"column":12},"end":{"line":192,"column":6749}},"23":{"start":{"line":193,"column":16},"end":{"line":193,"column":27}},"24":{"start":{"line":197,"column":8},"end":{"line":197,"column":20}},"25":{"start":{"line":201,"column":8},"end":{"line":201,"column":56}},"26":{"start":{"line":202,"column":8},"end":{"line":202,"column":6985}},"27":{"start":{"line":203,"column":12},"end":{"line":203,"column":71}},"28":{"start":{"line":204,"column":12},"end":{"line":204,"column":69}},"29":{"start":{"line":205,"column":12},"end":{"line":205,"column":7190}},"30":{"start":{"line":206,"column":16},"end":{"line":206,"column":60}},"31":{"start":{"line":207,"column":16},"end":{"line":207,"column":7312}},"32":{"start":{"line":208,"column":20},"end":{"line":208,"column":59}},"33":{"start":{"line":219,"column":8},"end":{"line":219,"column":46}},"34":{"start":{"line":220,"column":8},"end":{"line":220,"column":7742}},"35":{"start":{"line":221,"column":12},"end":{"line":221,"column":58}},"36":{"start":{"line":222,"column":12},"end":{"line":222,"column":7873}},"37":{"start":{"line":223,"column":16},"end":{"line":223,"column":7962}},"38":{"start":{"line":228,"column":16},"end":{"line":228,"column":66}},"39":{"start":{"line":229,"column":16},"end":{"line":229,"column":65}},"40":{"start":{"line":235,"column":8},"end":{"line":235,"column":46}},"41":{"start":{"line":241,"column":8},"end":{"line":241,"column":8789}},"42":{"start":{"line":242,"column":12},"end":{"line":242,"column":18}},"43":{"start":{"line":245,"column":8},"end":{"line":245,"column":8901}},"44":{"start":{"line":246,"column":12},"end":{"line":246,"column":18}},"45":{"start":{"line":249,"column":8},"end":{"line":249,"column":73}},"46":{"start":{"line":250,"column":8},"end":{"line":250,"column":86}},"47":{"start":{"line":254,"column":8},"end":{"line":254,"column":40}},"48":{"start":{"line":255,"column":8},"end":{"line":255,"column":72}},"49":{"start":{"line":259,"column":8},"end":{"line":259,"column":90}},"50":{"start":{"line":260,"column":8},"end":{"line":260,"column":68}},"51":{"start":{"line":261,"column":8},"end":{"line":261,"column":68}},"52":{"start":{"line":262,"column":8},"end":{"line":262,"column":71}},"53":{"start":{"line":269,"column":8},"end":{"line":269,"column":91}},"54":{"start":{"line":270,"column":8},"end":{"line":270,"column":68}},"55":{"start":{"line":271,"column":8},"end":{"line":271,"column":71}},"56":{"start":{"line":272,"column":8},"end":{"line":272,"column":65}},"57":{"start":{"line":279,"column":8},"end":{"line":279,"column":58}},"58":{"start":{"line":281,"column":8},"end":{"line":281,"column":19}},"59":{"start":{"line":285,"column":8},"end":{"line":285,"column":58}},"60":{"start":{"line":287,"column":8},"end":{"line":287,"column":19}},"61":{"start":{"line":291,"column":8},"end":{"line":291,"column":46}},"62":{"start":{"line":292,"column":8},"end":{"line":292,"column":58}},"63":{"start":{"line":294,"column":8},"end":{"line":294,"column":19}},"64":{"start":{"line":298,"column":8},"end":{"line":298,"column":62}},"65":{"start":{"line":306,"column":8},"end":{"line":306,"column":11887}},"66":{"start":{"line":318,"column":8},"end":{"line":318,"column":61}},"67":{"start":{"line":322,"column":8},"end":{"line":322,"column":58}},"68":{"start":{"line":326,"column":8},"end":{"line":326,"column":187}},"69":{"start":{"line":343,"column":8},"end":{"line":343,"column":13274}},"70":{"start":{"line":344,"column":12},"end":{"line":344,"column":63}},"71":{"start":{"line":346,"column":15},"end":{"line":346,"column":13408}},"72":{"start":{"line":347,"column":12},"end":{"line":347,"column":63}},"73":{"start":{"line":349,"column":15},"end":{"line":349,"column":13542}},"74":{"start":{"line":350,"column":12},"end":{"line":350,"column":65}},"75":{"start":{"line":352,"column":15},"end":{"line":352,"column":13679}},"76":{"start":{"line":353,"column":12},"end":{"line":353,"column":61}},"77":{"start":{"line":356,"column":12},"end":{"line":356,"column":38}},"78":{"start":{"line":361,"column":8},"end":{"line":361,"column":13966}},"79":{"start":{"line":363,"column":15},"end":{"line":363,"column":14034}},"80":{"start":{"line":365,"column":15},"end":{"line":365,"column":14102}},"81":{"start":{"line":367,"column":15},"end":{"line":367,"column":14171}},"82":{"start":{"line":370,"column":12},"end":{"line":370,"column":38}},"83":{"start":{"line":375,"column":8},"end":{"line":375,"column":14437}},"84":{"start":{"line":376,"column":12},"end":{"line":376,"column":18}},"85":{"start":{"line":378,"column":8},"end":{"line":378,"column":14499}},"86":{"start":{"line":379,"column":12},"end":{"line":379,"column":18}},"87":{"start":{"line":382,"column":8},"end":{"line":382,"column":43}},"88":{"start":{"line":386,"column":8},"end":{"line":386,"column":14799}},"89":{"start":{"line":387,"column":12},"end":{"line":387,"column":18}},"90":{"start":{"line":389,"column":8},"end":{"line":389,"column":26}},"91":{"start":{"line":390,"column":8},"end":{"line":390,"column":25}},"92":{"start":{"line":391,"column":8},"end":{"line":391,"column":14930}},"93":{"start":{"line":392,"column":12},"end":{"line":392,"column":40}},"94":{"start":{"line":393,"column":12},"end":{"line":393,"column":15041}},"95":{"start":{"line":398,"column":8},"end":{"line":398,"column":15198}},"96":{"start":{"line":400,"column":12},"end":{"line":400,"column":44}},"97":{"start":{"line":401,"column":15},"end":{"line":401,"column":15323}},"98":{"start":{"line":403,"column":12},"end":{"line":403,"column":39}},"99":{"start":{"line":408,"column":8},"end":{"line":408,"column":46}},"100":{"start":{"line":409,"column":8},"end":{"line":409,"column":32}},"101":{"start":{"line":410,"column":8},"end":{"line":410,"column":56}},"102":{"start":{"line":411,"column":8},"end":{"line":411,"column":42}},"103":{"start":{"line":416,"column":8},"end":{"line":416,"column":28}},"104":{"start":{"line":417,"column":8},"end":{"line":417,"column":31}},"105":{"start":{"line":420,"column":8},"end":{"line":420,"column":77}},"106":{"start":{"line":424,"column":8},"end":{"line":424,"column":46}},"107":{"start":{"line":425,"column":8},"end":{"line":425,"column":32}},"108":{"start":{"line":426,"column":8},"end":{"line":426,"column":16292}},"109":{"start":{"line":428,"column":12},"end":{"line":428,"column":36}},"110":{"start":{"line":431,"column":8},"end":{"line":431,"column":48}},"111":{"start":{"line":432,"column":8},"end":{"line":432,"column":65}},"112":{"start":{"line":439,"column":8},"end":{"line":439,"column":56}},"113":{"start":{"line":443,"column":8},"end":{"line":443,"column":46}},"114":{"start":{"line":444,"column":8},"end":{"line":444,"column":59}},"115":{"start":{"line":445,"column":8},"end":{"line":445,"column":33}},"116":{"start":{"line":446,"column":8},"end":{"line":446,"column":17156}},"117":{"start":{"line":447,"column":12},"end":{"line":447,"column":37}},"118":{"start":{"line":453,"column":8},"end":{"line":453,"column":39}},"119":{"start":{"line":454,"column":8},"end":{"line":454,"column":46}},"120":{"start":{"line":455,"column":8},"end":{"line":455,"column":33}},"121":{"start":{"line":456,"column":8},"end":{"line":456,"column":66}},"122":{"start":{"line":457,"column":8},"end":{"line":457,"column":77}},"123":{"start":{"line":458,"column":8},"end":{"line":458,"column":73}},"124":{"start":{"line":459,"column":8},"end":{"line":459,"column":45}},"125":{"start":{"line":460,"column":8},"end":{"line":460,"column":47}},"126":{"start":{"line":461,"column":8},"end":{"line":461,"column":59}},"127":{"start":{"line":462,"column":8},"end":{"line":462,"column":17931}},"128":{"start":{"line":468,"column":12},"end":{"line":468,"column":62}},"129":{"start":{"line":469,"column":12},"end":{"line":469,"column":65}},"130":{"start":{"line":471,"column":8},"end":{"line":471,"column":61}},"131":{"start":{"line":476,"column":8},"end":{"line":476,"column":46}},"132":{"start":{"line":478,"column":8},"end":{"line":478,"column":18531}},"133":{"start":{"line":479,"column":12},"end":{"line":479,"column":61}},"134":{"start":{"line":484,"column":8},"end":{"line":484,"column":18735}},"135":{"start":{"line":485,"column":12},"end":{"line":485,"column":18804}},"136":{"start":{"line":486,"column":16},"end":{"line":486,"column":28}},"137":{"start":{"line":489,"column":8},"end":{"line":489,"column":39}},"138":{"start":{"line":493,"column":8},"end":{"line":493,"column":39}},"139":{"start":{"line":494,"column":8},"end":{"line":494,"column":46}},"140":{"start":{"line":495,"column":8},"end":{"line":495,"column":30}},"141":{"start":{"line":496,"column":8},"end":{"line":496,"column":40}},"142":{"start":{"line":497,"column":8},"end":{"line":497,"column":66}},"143":{"start":{"line":499,"column":8},"end":{"line":499,"column":67}},"144":{"start":{"line":500,"column":8},"end":{"line":500,"column":64}},"145":{"start":{"line":501,"column":8},"end":{"line":501,"column":66}},"146":{"start":{"line":502,"column":8},"end":{"line":502,"column":56}},"147":{"start":{"line":503,"column":8},"end":{"line":503,"column":58}},"148":{"start":{"line":504,"column":8},"end":{"line":504,"column":94}},"149":{"start":{"line":506,"column":8},"end":{"line":506,"column":29}},"150":{"start":{"line":508,"column":8},"end":{"line":508,"column":88}},"151":{"start":{"line":509,"column":8},"end":{"line":509,"column":88}},"152":{"start":{"line":510,"column":8},"end":{"line":510,"column":90}},"153":{"start":{"line":511,"column":8},"end":{"line":511,"column":86}},"154":{"start":{"line":522,"column":8},"end":{"line":522,"column":57}},"155":{"start":{"line":526,"column":8},"end":{"line":526,"column":39}},"156":{"start":{"line":527,"column":8},"end":{"line":527,"column":46}},"157":{"start":{"line":528,"column":8},"end":{"line":528,"column":30}},"158":{"start":{"line":529,"column":8},"end":{"line":529,"column":66}},"159":{"start":{"line":530,"column":8},"end":{"line":530,"column":40}},"160":{"start":{"line":531,"column":8},"end":{"line":531,"column":67}},"161":{"start":{"line":532,"column":8},"end":{"line":532,"column":56}},"162":{"start":{"line":533,"column":8},"end":{"line":533,"column":64}},"163":{"start":{"line":534,"column":8},"end":{"line":534,"column":66}},"164":{"start":{"line":535,"column":8},"end":{"line":535,"column":58}},"165":{"start":{"line":536,"column":8},"end":{"line":536,"column":28}},"166":{"start":{"line":538,"column":8},"end":{"line":538,"column":61}},"167":{"start":{"line":542,"column":8},"end":{"line":542,"column":39}},"168":{"start":{"line":543,"column":8},"end":{"line":543,"column":46}},"169":{"start":{"line":544,"column":8},"end":{"line":544,"column":30}},"170":{"start":{"line":545,"column":8},"end":{"line":545,"column":66}},"171":{"start":{"line":546,"column":8},"end":{"line":546,"column":40}},"172":{"start":{"line":547,"column":8},"end":{"line":547,"column":67}},"173":{"start":{"line":548,"column":8},"end":{"line":548,"column":56}},"174":{"start":{"line":549,"column":8},"end":{"line":549,"column":64}},"175":{"start":{"line":550,"column":8},"end":{"line":550,"column":66}},"176":{"start":{"line":551,"column":8},"end":{"line":551,"column":53}},"177":{"start":{"line":552,"column":8},"end":{"line":552,"column":56}},"178":{"start":{"line":553,"column":8},"end":{"line":553,"column":30}},"179":{"start":{"line":555,"column":8},"end":{"line":555,"column":64}},"180":{"start":{"line":559,"column":8},"end":{"line":559,"column":39}},"181":{"start":{"line":560,"column":8},"end":{"line":560,"column":46}},"182":{"start":{"line":561,"column":8},"end":{"line":561,"column":30}},"183":{"start":{"line":562,"column":8},"end":{"line":562,"column":66}},"184":{"start":{"line":563,"column":8},"end":{"line":563,"column":40}},"185":{"start":{"line":564,"column":8},"end":{"line":564,"column":67}},"186":{"start":{"line":565,"column":8},"end":{"line":565,"column":56}},"187":{"start":{"line":566,"column":8},"end":{"line":566,"column":64}},"188":{"start":{"line":567,"column":8},"end":{"line":567,"column":66}},"189":{"start":{"line":568,"column":8},"end":{"line":568,"column":53}},"190":{"start":{"line":570,"column":8},"end":{"line":570,"column":62}},"191":{"start":{"line":574,"column":8},"end":{"line":574,"column":39}},"192":{"start":{"line":575,"column":8},"end":{"line":575,"column":46}},"193":{"start":{"line":576,"column":8},"end":{"line":576,"column":30}},"194":{"start":{"line":577,"column":8},"end":{"line":577,"column":66}},"195":{"start":{"line":578,"column":8},"end":{"line":578,"column":40}},"196":{"start":{"line":579,"column":8},"end":{"line":579,"column":67}},"197":{"start":{"line":580,"column":8},"end":{"line":580,"column":56}},"198":{"start":{"line":581,"column":8},"end":{"line":581,"column":64}},"199":{"start":{"line":582,"column":8},"end":{"line":582,"column":66}},"200":{"start":{"line":583,"column":8},"end":{"line":583,"column":53}},"201":{"start":{"line":584,"column":8},"end":{"line":584,"column":94}},"202":{"start":{"line":585,"column":8},"end":{"line":585,"column":99}},"203":{"start":{"line":587,"column":8},"end":{"line":587,"column":82}},"204":{"start":{"line":588,"column":8},"end":{"line":588,"column":74}},"205":{"start":{"line":590,"column":8},"end":{"line":590,"column":68}},"206":{"start":{"line":591,"column":8},"end":{"line":591,"column":24357}},"207":{"start":{"line":592,"column":13},"end":{"line":592,"column":24466}},"208":{"start":{"line":593,"column":13},"end":{"line":593,"column":24575}},"209":{"start":{"line":594,"column":13},"end":{"line":594,"column":105}},"210":{"start":{"line":595,"column":8},"end":{"line":595,"column":83}},"211":{"start":{"line":599,"column":8},"end":{"line":599,"column":39}},"212":{"start":{"line":600,"column":8},"end":{"line":600,"column":46}},"213":{"start":{"line":601,"column":8},"end":{"line":601,"column":30}},"214":{"start":{"line":602,"column":8},"end":{"line":602,"column":66}},"215":{"start":{"line":603,"column":8},"end":{"line":603,"column":40}},"216":{"start":{"line":604,"column":8},"end":{"line":604,"column":118}},"217":{"start":{"line":605,"column":8},"end":{"line":605,"column":25302}},"218":{"start":{"line":615,"column":8},"end":{"line":615,"column":49}},"219":{"start":{"line":616,"column":8},"end":{"line":616,"column":65}},"220":{"start":{"line":617,"column":8},"end":{"line":617,"column":22}},"221":{"start":{"line":621,"column":8},"end":{"line":621,"column":39}},"222":{"start":{"line":622,"column":8},"end":{"line":622,"column":46}},"223":{"start":{"line":623,"column":8},"end":{"line":623,"column":30}},"224":{"start":{"line":624,"column":8},"end":{"line":624,"column":66}},"225":{"start":{"line":625,"column":8},"end":{"line":625,"column":40}},"226":{"start":{"line":626,"column":8},"end":{"line":626,"column":56}},"227":{"start":{"line":627,"column":8},"end":{"line":627,"column":45}},"228":{"start":{"line":628,"column":8},"end":{"line":628,"column":49}},"229":{"start":{"line":629,"column":8},"end":{"line":629,"column":87}},"230":{"start":{"line":630,"column":8},"end":{"line":630,"column":73}},"231":{"start":{"line":631,"column":8},"end":{"line":631,"column":35}},"232":{"start":{"line":632,"column":8},"end":{"line":632,"column":60}},"233":{"start":{"line":633,"column":8},"end":{"line":633,"column":61}},"234":{"start":{"line":634,"column":8},"end":{"line":634,"column":69}},"235":{"start":{"line":635,"column":8},"end":{"line":635,"column":76}},"236":{"start":{"line":636,"column":8},"end":{"line":636,"column":47}},"237":{"start":{"line":637,"column":8},"end":{"line":637,"column":51}},"238":{"start":{"line":638,"column":8},"end":{"line":638,"column":58}},"239":{"start":{"line":639,"column":8},"end":{"line":639,"column":60}},"240":{"start":{"line":640,"column":8},"end":{"line":640,"column":55}},"241":{"start":{"line":641,"column":8},"end":{"line":641,"column":53}},"242":{"start":{"line":643,"column":8},"end":{"line":643,"column":59}},"243":{"start":{"line":648,"column":8},"end":{"line":648,"column":39}},"244":{"start":{"line":649,"column":8},"end":{"line":649,"column":46}},"245":{"start":{"line":650,"column":8},"end":{"line":650,"column":30}},"246":{"start":{"line":651,"column":8},"end":{"line":651,"column":66}},"247":{"start":{"line":652,"column":8},"end":{"line":652,"column":88}},"248":{"start":{"line":653,"column":8},"end":{"line":653,"column":55}},"249":{"start":{"line":654,"column":8},"end":{"line":654,"column":58}},"250":{"start":{"line":655,"column":8},"end":{"line":655,"column":59}},"251":{"start":{"line":656,"column":8},"end":{"line":656,"column":66}},"252":{"start":{"line":657,"column":8},"end":{"line":657,"column":54}},"253":{"start":{"line":658,"column":8},"end":{"line":658,"column":48}},"254":{"start":{"line":659,"column":8},"end":{"line":659,"column":72}},"255":{"start":{"line":663,"column":8},"end":{"line":663,"column":39}},"256":{"start":{"line":664,"column":8},"end":{"line":664,"column":46}},"257":{"start":{"line":665,"column":8},"end":{"line":665,"column":30}},"258":{"start":{"line":666,"column":8},"end":{"line":666,"column":32}},"259":{"start":{"line":667,"column":8},"end":{"line":667,"column":102}},"260":{"start":{"line":668,"column":8},"end":{"line":668,"column":98}},"261":{"start":{"line":669,"column":8},"end":{"line":669,"column":28575}},"262":{"start":{"line":670,"column":12},"end":{"line":670,"column":112}},"263":{"start":{"line":671,"column":12},"end":{"line":671,"column":69}},"264":{"start":{"line":673,"column":12},"end":{"line":673,"column":78}},"265":{"start":{"line":675,"column":8},"end":{"line":675,"column":28920}},"266":{"start":{"line":685,"column":8},"end":{"line":685,"column":55}},"267":{"start":{"line":686,"column":8},"end":{"line":686,"column":67}},"268":{"start":{"line":687,"column":8},"end":{"line":687,"column":25}},"269":{"start":{"line":691,"column":8},"end":{"line":691,"column":39}},"270":{"start":{"line":692,"column":8},"end":{"line":692,"column":46}},"271":{"start":{"line":693,"column":8},"end":{"line":693,"column":30}},"272":{"start":{"line":694,"column":8},"end":{"line":694,"column":40}},"273":{"start":{"line":695,"column":8},"end":{"line":695,"column":111}},"274":{"start":{"line":696,"column":8},"end":{"line":696,"column":63}},"275":{"start":{"line":697,"column":8},"end":{"line":697,"column":46}},"276":{"start":{"line":698,"column":8},"end":{"line":698,"column":57}},"277":{"start":{"line":699,"column":8},"end":{"line":699,"column":99}},"278":{"start":{"line":700,"column":8},"end":{"line":700,"column":78}},"279":{"start":{"line":701,"column":8},"end":{"line":701,"column":56}},"280":{"start":{"line":702,"column":8},"end":{"line":702,"column":60}},"281":{"start":{"line":704,"column":8},"end":{"line":704,"column":30277}},"282":{"start":{"line":706,"column":8},"end":{"line":706,"column":71}},"283":{"start":{"line":708,"column":8},"end":{"line":708,"column":30406}},"284":{"start":{"line":716,"column":12},"end":{"line":716,"column":60}},"285":{"start":{"line":717,"column":12},"end":{"line":717,"column":70}},"286":{"start":{"line":720,"column":8},"end":{"line":720,"column":30843}},"287":{"start":{"line":727,"column":12},"end":{"line":727,"column":60}},"288":{"start":{"line":728,"column":12},"end":{"line":728,"column":70}},"289":{"start":{"line":733,"column":8},"end":{"line":733,"column":39}},"290":{"start":{"line":734,"column":8},"end":{"line":734,"column":46}},"291":{"start":{"line":735,"column":8},"end":{"line":735,"column":63}},"292":{"start":{"line":736,"column":8},"end":{"line":736,"column":46}},"293":{"start":{"line":737,"column":8},"end":{"line":737,"column":135}},"294":{"start":{"line":738,"column":8},"end":{"line":738,"column":64}},"295":{"start":{"line":739,"column":8},"end":{"line":739,"column":57}},"296":{"start":{"line":740,"column":8},"end":{"line":740,"column":31882}},"297":{"start":{"line":742,"column":8},"end":{"line":742,"column":43}},"298":{"start":{"line":745,"column":8},"end":{"line":745,"column":67}},"299":{"start":{"line":746,"column":8},"end":{"line":746,"column":66}},"300":{"start":{"line":747,"column":8},"end":{"line":747,"column":30}},"301":{"start":{"line":751,"column":8},"end":{"line":751,"column":46}},"302":{"start":{"line":752,"column":8},"end":{"line":752,"column":51}},"303":{"start":{"line":754,"column":8},"end":{"line":754,"column":50}},"304":{"start":{"line":765,"column":8},"end":{"line":765,"column":46}},"305":{"start":{"line":766,"column":8},"end":{"line":766,"column":82}},"306":{"start":{"line":767,"column":8},"end":{"line":767,"column":30}},"307":{"start":{"line":768,"column":8},"end":{"line":768,"column":96}},"308":{"start":{"line":769,"column":8},"end":{"line":769,"column":64}},"309":{"start":{"line":770,"column":8},"end":{"line":770,"column":141}},"310":{"start":{"line":771,"column":8},"end":{"line":771,"column":52}},"311":{"start":{"line":772,"column":8},"end":{"line":772,"column":42}},"312":{"start":{"line":773,"column":8},"end":{"line":773,"column":44}},"313":{"start":{"line":774,"column":8},"end":{"line":774,"column":40}},"314":{"start":{"line":775,"column":8},"end":{"line":775,"column":59}},"315":{"start":{"line":779,"column":8},"end":{"line":779,"column":50}},"316":{"start":{"line":783,"column":8},"end":{"line":783,"column":86}},"317":{"start":{"line":791,"column":8},"end":{"line":791,"column":49}},"318":{"start":{"line":795,"column":8},"end":{"line":795,"column":48}},"319":{"start":{"line":799,"column":8},"end":{"line":799,"column":71}},"320":{"start":{"line":804,"column":8},"end":{"line":804,"column":39}},"321":{"start":{"line":805,"column":8},"end":{"line":805,"column":46}},"322":{"start":{"line":806,"column":8},"end":{"line":806,"column":30}},"323":{"start":{"line":807,"column":8},"end":{"line":807,"column":66}},"324":{"start":{"line":808,"column":8},"end":{"line":808,"column":59}},"325":{"start":{"line":809,"column":8},"end":{"line":809,"column":66}},"326":{"start":{"line":810,"column":8},"end":{"line":810,"column":29}},"327":{"start":{"line":812,"column":8},"end":{"line":812,"column":49}},"328":{"start":{"line":814,"column":8},"end":{"line":814,"column":65}},"329":{"start":{"line":815,"column":8},"end":{"line":815,"column":35392}},"330":{"start":{"line":817,"column":12},"end":{"line":817,"column":43}},"331":{"start":{"line":823,"column":8},"end":{"line":823,"column":39}},"332":{"start":{"line":824,"column":8},"end":{"line":824,"column":46}},"333":{"start":{"line":825,"column":8},"end":{"line":825,"column":30}},"334":{"start":{"line":826,"column":8},"end":{"line":826,"column":66}},"335":{"start":{"line":827,"column":8},"end":{"line":827,"column":28}},"336":{"start":{"line":828,"column":8},"end":{"line":828,"column":48}},"337":{"start":{"line":829,"column":8},"end":{"line":829,"column":51}},"338":{"start":{"line":831,"column":8},"end":{"line":831,"column":39}},"339":{"start":{"line":832,"column":8},"end":{"line":832,"column":53}},"340":{"start":{"line":836,"column":8},"end":{"line":836,"column":46}},"341":{"start":{"line":837,"column":8},"end":{"line":837,"column":96}},"342":{"start":{"line":838,"column":8},"end":{"line":838,"column":36391}},"343":{"start":{"line":841,"column":8},"end":{"line":841,"column":36488}},"344":{"start":{"line":847,"column":8},"end":{"line":847,"column":40}},"345":{"start":{"line":851,"column":8},"end":{"line":851,"column":72}},"346":{"start":{"line":855,"column":8},"end":{"line":855,"column":43}},"347":{"start":{"line":870,"column":8},"end":{"line":870,"column":46}},"348":{"start":{"line":871,"column":8},"end":{"line":871,"column":37414}},"349":{"start":{"line":882,"column":8},"end":{"line":882,"column":46}},"350":{"start":{"line":883,"column":8},"end":{"line":883,"column":47}},"351":{"start":{"line":897,"column":8},"end":{"line":897,"column":78}},"352":{"start":{"line":898,"column":8},"end":{"line":898,"column":38254}},"353":{"start":{"line":912,"column":8},"end":{"line":912,"column":39}},"354":{"start":{"line":916,"column":8},"end":{"line":916,"column":84}},"355":{"start":{"line":917,"column":8},"end":{"line":917,"column":97}},"356":{"start":{"line":921,"column":8},"end":{"line":921,"column":65}},"357":{"start":{"line":944,"column":8},"end":{"line":944,"column":67}},"358":{"start":{"line":945,"column":8},"end":{"line":945,"column":39823}},"359":{"start":{"line":965,"column":8},"end":{"line":965,"column":74}},"360":{"start":{"line":966,"column":8},"end":{"line":966,"column":145}}},"branchMap":{"1":{"line":156,"type":"if","locations":[{"start":{"line":156,"column":8},"end":{"line":156,"column":8}},{"start":{"line":156,"column":8},"end":{"line":156,"column":8}}]},"2":{"line":157,"type":"if","locations":[{"start":{"line":157,"column":8},"end":{"line":157,"column":8}},{"start":{"line":157,"column":8},"end":{"line":157,"column":8}}]},"3":{"line":158,"type":"if","locations":[{"start":{"line":158,"column":8},"end":{"line":158,"column":8}},{"start":{"line":158,"column":8},"end":{"line":158,"column":8}}]},"4":{"line":163,"type":"if","locations":[{"start":{"line":163,"column":8},"end":{"line":163,"column":8}},{"start":{"line":163,"column":8},"end":{"line":163,"column":8}}]},"5":{"line":192,"type":"if","locations":[{"start":{"line":192,"column":12},"end":{"line":192,"column":12}},{"start":{"line":192,"column":12},"end":{"line":192,"column":12}}]},"6":{"line":203,"type":"if","locations":[{"start":{"line":203,"column":50},"end":{"line":203,"column":56}},{"start":{"line":203,"column":60},"end":{"line":203,"column":70}}]},"7":{"line":204,"type":"if","locations":[{"start":{"line":204,"column":49},"end":{"line":204,"column":54}},{"start":{"line":204,"column":58},"end":{"line":204,"column":68}}]},"8":{"line":207,"type":"if","locations":[{"start":{"line":207,"column":16},"end":{"line":207,"column":16}},{"start":{"line":207,"column":16},"end":{"line":207,"column":16}}]},"9":{"line":222,"type":"if","locations":[{"start":{"line":222,"column":12},"end":{"line":222,"column":12}},{"start":{"line":222,"column":12},"end":{"line":222,"column":12}}]},"10":{"line":223,"type":"if","locations":[{"start":{"line":223,"column":16},"end":{"line":223,"column":16}},{"start":{"line":223,"column":16},"end":{"line":223,"column":16}}]},"11":{"line":241,"type":"if","locations":[{"start":{"line":241,"column":8},"end":{"line":241,"column":8}},{"start":{"line":241,"column":8},"end":{"line":241,"column":8}}]},"12":{"line":241,"type":"cond-expr","locations":[{"start":{"line":241,"column":12},"end":{"line":241,"column":41}},{"start":{"line":241,"column":46},"end":{"line":241,"column":76}}]},"13":{"line":245,"type":"if","locations":[{"start":{"line":245,"column":8},"end":{"line":245,"column":8}},{"start":{"line":245,"column":8},"end":{"line":245,"column":8}}]},"14":{"line":260,"type":"if","locations":[{"start":{"line":260,"column":8},"end":{"line":260,"column":8}},{"start":{"line":260,"column":8},"end":{"line":260,"column":8}}]},"15":{"line":261,"type":"if","locations":[{"start":{"line":261,"column":8},"end":{"line":261,"column":8}},{"start":{"line":261,"column":8},"end":{"line":261,"column":8}}]},"16":{"line":262,"type":"if","locations":[{"start":{"line":262,"column":8},"end":{"line":262,"column":8}},{"start":{"line":262,"column":8},"end":{"line":262,"column":8}}]},"17":{"line":270,"type":"if","locations":[{"start":{"line":270,"column":8},"end":{"line":270,"column":8}},{"start":{"line":270,"column":8},"end":{"line":270,"column":8}}]},"18":{"line":271,"type":"if","locations":[{"start":{"line":271,"column":8},"end":{"line":271,"column":8}},{"start":{"line":271,"column":8},"end":{"line":271,"column":8}}]},"19":{"line":272,"type":"if","locations":[{"start":{"line":272,"column":8},"end":{"line":272,"column":8}},{"start":{"line":272,"column":8},"end":{"line":272,"column":8}}]},"20":{"line":322,"type":"if","locations":[{"start":{"line":322,"column":8},"end":{"line":322,"column":8}},{"start":{"line":322,"column":8},"end":{"line":322,"column":8}}]},"21":{"line":326,"type":"if","locations":[{"start":{"line":326,"column":8},"end":{"line":326,"column":8}},{"start":{"line":326,"column":8},"end":{"line":326,"column":8}}]},"22":{"line":343,"type":"if","locations":[{"start":{"line":343,"column":8},"end":{"line":343,"column":8}},{"start":{"line":343,"column":8},"end":{"line":343,"column":8}}]},"23":{"line":344,"type":"if","locations":[{"start":{"line":344,"column":12},"end":{"line":344,"column":12}},{"start":{"line":344,"column":12},"end":{"line":344,"column":12}}]},"24":{"line":346,"type":"if","locations":[{"start":{"line":346,"column":15},"end":{"line":346,"column":15}},{"start":{"line":346,"column":15},"end":{"line":346,"column":15}}]},"25":{"line":347,"type":"if","locations":[{"start":{"line":347,"column":12},"end":{"line":347,"column":12}},{"start":{"line":347,"column":12},"end":{"line":347,"column":12}}]},"26":{"line":349,"type":"if","locations":[{"start":{"line":349,"column":15},"end":{"line":349,"column":15}},{"start":{"line":349,"column":15},"end":{"line":349,"column":15}}]},"27":{"line":350,"type":"if","locations":[{"start":{"line":350,"column":12},"end":{"line":350,"column":12}},{"start":{"line":350,"column":12},"end":{"line":350,"column":12}}]},"28":{"line":352,"type":"if","locations":[{"start":{"line":352,"column":15},"end":{"line":352,"column":15}},{"start":{"line":352,"column":15},"end":{"line":352,"column":15}}]},"29":{"line":353,"type":"if","locations":[{"start":{"line":353,"column":12},"end":{"line":353,"column":12}},{"start":{"line":353,"column":12},"end":{"line":353,"column":12}}]},"30":{"line":361,"type":"if","locations":[{"start":{"line":361,"column":8},"end":{"line":361,"column":8}},{"start":{"line":361,"column":8},"end":{"line":361,"column":8}}]},"31":{"line":363,"type":"if","locations":[{"start":{"line":363,"column":15},"end":{"line":363,"column":15}},{"start":{"line":363,"column":15},"end":{"line":363,"column":15}}]},"32":{"line":365,"type":"if","locations":[{"start":{"line":365,"column":15},"end":{"line":365,"column":15}},{"start":{"line":365,"column":15},"end":{"line":365,"column":15}}]},"33":{"line":367,"type":"if","locations":[{"start":{"line":367,"column":15},"end":{"line":367,"column":15}},{"start":{"line":367,"column":15},"end":{"line":367,"column":15}}]},"34":{"line":375,"type":"if","locations":[{"start":{"line":375,"column":8},"end":{"line":375,"column":8}},{"start":{"line":375,"column":8},"end":{"line":375,"column":8}}]},"35":{"line":378,"type":"if","locations":[{"start":{"line":378,"column":8},"end":{"line":378,"column":8}},{"start":{"line":378,"column":8},"end":{"line":378,"column":8}}]},"36":{"line":386,"type":"if","locations":[{"start":{"line":386,"column":8},"end":{"line":386,"column":8}},{"start":{"line":386,"column":8},"end":{"line":386,"column":8}}]},"37":{"line":393,"type":"if","locations":[{"start":{"line":393,"column":12},"end":{"line":393,"column":12}},{"start":{"line":393,"column":12},"end":{"line":393,"column":12}}]},"38":{"line":398,"type":"if","locations":[{"start":{"line":398,"column":8},"end":{"line":398,"column":8}},{"start":{"line":398,"column":8},"end":{"line":398,"column":8}}]},"39":{"line":401,"type":"if","locations":[{"start":{"line":401,"column":15},"end":{"line":401,"column":15}},{"start":{"line":401,"column":15},"end":{"line":401,"column":15}}]},"40":{"line":410,"type":"if","locations":[{"start":{"line":410,"column":8},"end":{"line":410,"column":8}},{"start":{"line":410,"column":8},"end":{"line":410,"column":8}}]},"41":{"line":411,"type":"if","locations":[{"start":{"line":411,"column":8},"end":{"line":411,"column":8}},{"start":{"line":411,"column":8},"end":{"line":411,"column":8}}]},"42":{"line":426,"type":"if","locations":[{"start":{"line":426,"column":8},"end":{"line":426,"column":8}},{"start":{"line":426,"column":8},"end":{"line":426,"column":8}}]},"43":{"line":431,"type":"if","locations":[{"start":{"line":431,"column":8},"end":{"line":431,"column":8}},{"start":{"line":431,"column":8},"end":{"line":431,"column":8}}]},"44":{"line":432,"type":"if","locations":[{"start":{"line":432,"column":8},"end":{"line":432,"column":8}},{"start":{"line":432,"column":8},"end":{"line":432,"column":8}}]},"45":{"line":444,"type":"if","locations":[{"start":{"line":444,"column":8},"end":{"line":444,"column":8}},{"start":{"line":444,"column":8},"end":{"line":444,"column":8}}]},"46":{"line":446,"type":"if","locations":[{"start":{"line":446,"column":8},"end":{"line":446,"column":8}},{"start":{"line":446,"column":8},"end":{"line":446,"column":8}}]},"47":{"line":456,"type":"if","locations":[{"start":{"line":456,"column":8},"end":{"line":456,"column":8}},{"start":{"line":456,"column":8},"end":{"line":456,"column":8}}]},"48":{"line":457,"type":"if","locations":[{"start":{"line":457,"column":8},"end":{"line":457,"column":8}},{"start":{"line":457,"column":8},"end":{"line":457,"column":8}}]},"49":{"line":458,"type":"if","locations":[{"start":{"line":458,"column":8},"end":{"line":458,"column":8}},{"start":{"line":458,"column":8},"end":{"line":458,"column":8}}]},"50":{"line":462,"type":"if","locations":[{"start":{"line":462,"column":8},"end":{"line":462,"column":8}},{"start":{"line":462,"column":8},"end":{"line":462,"column":8}}]},"51":{"line":468,"type":"if","locations":[{"start":{"line":468,"column":12},"end":{"line":468,"column":12}},{"start":{"line":468,"column":12},"end":{"line":468,"column":12}}]},"52":{"line":469,"type":"if","locations":[{"start":{"line":469,"column":12},"end":{"line":469,"column":12}},{"start":{"line":469,"column":12},"end":{"line":469,"column":12}}]},"53":{"line":471,"type":"if","locations":[{"start":{"line":471,"column":8},"end":{"line":471,"column":8}},{"start":{"line":471,"column":8},"end":{"line":471,"column":8}}]},"54":{"line":478,"type":"if","locations":[{"start":{"line":478,"column":8},"end":{"line":478,"column":8}},{"start":{"line":478,"column":8},"end":{"line":478,"column":8}}]},"55":{"line":485,"type":"if","locations":[{"start":{"line":485,"column":12},"end":{"line":485,"column":12}},{"start":{"line":485,"column":12},"end":{"line":485,"column":12}}]},"56":{"line":497,"type":"if","locations":[{"start":{"line":497,"column":8},"end":{"line":497,"column":8}},{"start":{"line":497,"column":8},"end":{"line":497,"column":8}}]},"57":{"line":501,"type":"if","locations":[{"start":{"line":501,"column":8},"end":{"line":501,"column":8}},{"start":{"line":501,"column":8},"end":{"line":501,"column":8}}]},"58":{"line":502,"type":"if","locations":[{"start":{"line":502,"column":8},"end":{"line":502,"column":8}},{"start":{"line":502,"column":8},"end":{"line":502,"column":8}}]},"59":{"line":503,"type":"if","locations":[{"start":{"line":503,"column":8},"end":{"line":503,"column":8}},{"start":{"line":503,"column":8},"end":{"line":503,"column":8}}]},"60":{"line":504,"type":"if","locations":[{"start":{"line":504,"column":8},"end":{"line":504,"column":8}},{"start":{"line":504,"column":8},"end":{"line":504,"column":8}}]},"61":{"line":508,"type":"if","locations":[{"start":{"line":508,"column":8},"end":{"line":508,"column":8}},{"start":{"line":508,"column":8},"end":{"line":508,"column":8}}]},"62":{"line":509,"type":"if","locations":[{"start":{"line":509,"column":8},"end":{"line":509,"column":8}},{"start":{"line":509,"column":8},"end":{"line":509,"column":8}}]},"63":{"line":510,"type":"if","locations":[{"start":{"line":510,"column":8},"end":{"line":510,"column":8}},{"start":{"line":510,"column":8},"end":{"line":510,"column":8}}]},"64":{"line":511,"type":"if","locations":[{"start":{"line":511,"column":8},"end":{"line":511,"column":8}},{"start":{"line":511,"column":8},"end":{"line":511,"column":8}}]},"65":{"line":529,"type":"if","locations":[{"start":{"line":529,"column":8},"end":{"line":529,"column":8}},{"start":{"line":529,"column":8},"end":{"line":529,"column":8}}]},"66":{"line":532,"type":"if","locations":[{"start":{"line":532,"column":8},"end":{"line":532,"column":8}},{"start":{"line":532,"column":8},"end":{"line":532,"column":8}}]},"67":{"line":534,"type":"if","locations":[{"start":{"line":534,"column":8},"end":{"line":534,"column":8}},{"start":{"line":534,"column":8},"end":{"line":534,"column":8}}]},"68":{"line":535,"type":"if","locations":[{"start":{"line":535,"column":8},"end":{"line":535,"column":8}},{"start":{"line":535,"column":8},"end":{"line":535,"column":8}}]},"69":{"line":545,"type":"if","locations":[{"start":{"line":545,"column":8},"end":{"line":545,"column":8}},{"start":{"line":545,"column":8},"end":{"line":545,"column":8}}]},"70":{"line":548,"type":"if","locations":[{"start":{"line":548,"column":8},"end":{"line":548,"column":8}},{"start":{"line":548,"column":8},"end":{"line":548,"column":8}}]},"71":{"line":550,"type":"if","locations":[{"start":{"line":550,"column":8},"end":{"line":550,"column":8}},{"start":{"line":550,"column":8},"end":{"line":550,"column":8}}]},"72":{"line":551,"type":"if","locations":[{"start":{"line":551,"column":8},"end":{"line":551,"column":8}},{"start":{"line":551,"column":8},"end":{"line":551,"column":8}}]},"73":{"line":552,"type":"if","locations":[{"start":{"line":552,"column":8},"end":{"line":552,"column":8}},{"start":{"line":552,"column":8},"end":{"line":552,"column":8}}]},"74":{"line":562,"type":"if","locations":[{"start":{"line":562,"column":8},"end":{"line":562,"column":8}},{"start":{"line":562,"column":8},"end":{"line":562,"column":8}}]},"75":{"line":565,"type":"if","locations":[{"start":{"line":565,"column":8},"end":{"line":565,"column":8}},{"start":{"line":565,"column":8},"end":{"line":565,"column":8}}]},"76":{"line":567,"type":"if","locations":[{"start":{"line":567,"column":8},"end":{"line":567,"column":8}},{"start":{"line":567,"column":8},"end":{"line":567,"column":8}}]},"77":{"line":568,"type":"if","locations":[{"start":{"line":568,"column":8},"end":{"line":568,"column":8}},{"start":{"line":568,"column":8},"end":{"line":568,"column":8}}]},"78":{"line":577,"type":"if","locations":[{"start":{"line":577,"column":8},"end":{"line":577,"column":8}},{"start":{"line":577,"column":8},"end":{"line":577,"column":8}}]},"79":{"line":580,"type":"if","locations":[{"start":{"line":580,"column":8},"end":{"line":580,"column":8}},{"start":{"line":580,"column":8},"end":{"line":580,"column":8}}]},"80":{"line":582,"type":"if","locations":[{"start":{"line":582,"column":8},"end":{"line":582,"column":8}},{"start":{"line":582,"column":8},"end":{"line":582,"column":8}}]},"81":{"line":583,"type":"if","locations":[{"start":{"line":583,"column":8},"end":{"line":583,"column":8}},{"start":{"line":583,"column":8},"end":{"line":583,"column":8}}]},"82":{"line":584,"type":"if","locations":[{"start":{"line":584,"column":8},"end":{"line":584,"column":8}},{"start":{"line":584,"column":8},"end":{"line":584,"column":8}}]},"83":{"line":585,"type":"if","locations":[{"start":{"line":585,"column":8},"end":{"line":585,"column":8}},{"start":{"line":585,"column":8},"end":{"line":585,"column":8}}]},"84":{"line":588,"type":"if","locations":[{"start":{"line":588,"column":8},"end":{"line":588,"column":8}},{"start":{"line":588,"column":8},"end":{"line":588,"column":8}}]},"85":{"line":591,"type":"if","locations":[{"start":{"line":591,"column":8},"end":{"line":591,"column":8}},{"start":{"line":591,"column":8},"end":{"line":591,"column":8}}]},"86":{"line":592,"type":"if","locations":[{"start":{"line":592,"column":13},"end":{"line":592,"column":13}},{"start":{"line":592,"column":13},"end":{"line":592,"column":13}}]},"87":{"line":593,"type":"if","locations":[{"start":{"line":593,"column":13},"end":{"line":593,"column":13}},{"start":{"line":593,"column":13},"end":{"line":593,"column":13}}]},"88":{"line":594,"type":"if","locations":[{"start":{"line":594,"column":13},"end":{"line":594,"column":13}},{"start":{"line":594,"column":13},"end":{"line":594,"column":13}}]},"89":{"line":602,"type":"if","locations":[{"start":{"line":602,"column":8},"end"
[...]
5":{"start":{"line":350,"column":8},"end":{"line":350,"column":40}},"96":{"start":{"line":354,"column":8},"end":{"line":354,"column":51}},"97":{"start":{"line":358,"column":8},"end":{"line":358,"column":37}},"98":{"start":{"line":362,"column":8},"end":{"line":362,"column":30}}},"branchMap":{"1":{"line":64,"type":"if","locations":[{"start":{"line":64,"column":68},"end":{"line":64,"column":68}},{"start":{"line":64,"column":68},"end":{"line":64,"column":68}}]},"2":{"line":69,"type":"if","locations":[{"start":{"line":69,"column":59},"end":{"line":69,"column":59}},{"start":{"line":69,"column":59},"end":{"line":69,"column":59}}]},"3":{"line":74,"type":"if","locations":[{"start":{"line":74,"column":90},"end":{"line":74,"column":90}},{"start":{"line":74,"column":90},"end":{"line":74,"column":90}}]},"4":{"line":75,"type":"if","locations":[{"start":{"line":75,"column":8},"end":{"line":75,"column":8}},{"start":{"line":75,"column":8},"end":{"line":75,"column":8}}]},"5":{"line":80,"type":"if","locations":[{"start":{"line":80,"column":67},"end":{"line":80,"column":67}},{"start":{"line":80,"column":67},"end":{"line":80,"column":67}}]},"6":{"line":88,"type":"if","locations":[{"start":{"line":88,"column":8},"end":{"line":88,"column":8}},{"start":{"line":88,"column":8},"end":{"line":88,"column":8}}]},"7":{"line":89,"type":"if","locations":[{"start":{"line":89,"column":8},"end":{"line":89,"column":8}},{"start":{"line":89,"column":8},"end":{"line":89,"column":8}}]},"8":{"line":89,"type":"cond-expr","locations":[{"start":{"line":89,"column":16},"end":{"line":89,"column":47}},{"start":{"line":89,"column":52},"end":{"line":89,"column":85}}]},"9":{"line":90,"type":"if","locations":[{"start":{"line":90,"column":8},"end":{"line":90,"column":8}},{"start":{"line":90,"column":8},"end":{"line":90,"column":8}}]},"10":{"line":99,"type":"if","locations":[{"start":{"line":99,"column":8},"end":{"line":99,"column":8}},{"start":{"line":99,"column":8},"end":{"line":99,"column":8}}]},"11":{"line":100,"type":"if","locations":[{"start":{"line":100,"column":8},"end":{"line":100,"column":8}},{"start":{"line":100,"column":8},"end":{"line":100,"column":8}}]},"12":{"line":104,"type":"if","locations":[{"start":{"line":104,"column":8},"end":{"line":104,"column":8}},{"start":{"line":104,"column":8},"end":{"line":104,"column":8}}]},"13":{"line":111,"type":"if","locations":[{"start":{"line":111,"column":8},"end":{"line":111,"column":8}},{"start":{"line":111,"column":8},"end":{"line":111,"column":8}}]},"14":{"line":124,"type":"if","locations":[{"start":{"line":124,"column":8},"end":{"line":124,"column":8}},{"start":{"line":124,"column":8},"end":{"line":124,"column":8}}]},"15":{"line":128,"type":"if","locations":[{"start":{"line":128,"column":8},"end":{"line":128,"column":8}},{"start":{"line":128,"column":8},"end":{"line":128,"column":8}}]},"16":{"line":165,"type":"if","locations":[{"start":{"line":165,"column":8},"end":{"line":165,"column":8}},{"start":{"line":165,"column":8},"end":{"line":165,"column":8}}]},"17":{"line":178,"type":"if","locations":[{"start":{"line":178,"column":8},"end":{"line":178,"column":8}},{"start":{"line":178,"column":8},"end":{"line":178,"column":8}}]},"18":{"line":182,"type":"if","locations":[{"start":{"line":182,"column":8},"end":{"line":182,"column":8}},{"start":{"line":182,"column":8},"end":{"line":182,"column":8}}]},"19":{"line":199,"type":"if","locations":[{"start":{"line":199,"column":8},"end":{"line":199,"column":8}},{"start":{"line":199,"column":8},"end":{"line":199,"column":8}}]},"20":{"line":200,"type":"if","locations":[{"start":{"line":200,"column":8},"end":{"line":200,"column":8}},{"start":{"line":200,"column":8},"end":{"line":200,"column":8}}]},"21":{"line":201,"type":"if","locations":[{"start":{"line":201,"column":8},"end":{"line":201,"column":8}},{"start":{"line":201,"column":8},"end":{"line":201,"column":8}}]},"22":{"line":212,"type":"if","locations":[{"start":{"line":212,"column":8},"end":{"line":212,"column":8}},{"start":{"line":212,"column":8},"end":{"line":212,"column":8}}]},"23":{"line":212,"type":"cond-expr","locations":[{"start":{"line":212,"column":16},"end":{"line":212,"column":47}},{"start":{"line":212,"column":52},"end":{"line":212,"column":85}}]},"24":{"line":213,"type":"if","locations":[{"start":{"line":213,"column":8},"end":{"line":213,"column":8}},{"start":{"line":213,"column":8},"end":{"line":213,"column":8}}]},"25":{"line":223,"type":"if","locations":[{"start":{"line":223,"column":8},"end":{"line":223,"column":8}},{"start":{"line":223,"column":8},"end":{"line":223,"column":8}}]},"26":{"line":223,"type":"cond-expr","locations":[{"start":{"line":223,"column":16},"end":{"line":223,"column":47}},{"start":{"line":223,"column":52},"end":{"line":223,"column":85}}]},"27":{"line":224,"type":"if","locations":[{"start":{"line":224,"column":8},"end":{"line":224,"column":8}},{"start":{"line":224,"column":8},"end":{"line":224,"column":8}}]},"28":{"line":225,"type":"if","locations":[{"start":{"line":225,"column":8},"end":{"line":225,"column":8}},{"start":{"line":225,"column":8},"end":{"line":225,"column":8}}]},"29":{"line":226,"type":"if","locations":[{"start":{"line":226,"column":8},"end":{"line":226,"column":8}},{"start":{"line":226,"column":8},"end":{"line":226,"column":8}}]},"30":{"line":237,"type":"if","locations":[{"start":{"line":237,"column":8},"end":{"line":237,"column":8}},{"start":{"line":237,"column":8},"end":{"line":237,"column":8}}]},"31":{"line":250,"type":"if","locations":[{"start":{"line":250,"column":8},"end":{"line":250,"column":8}},{"start":{"line":250,"column":8},"end":{"line":250,"column":8}}]},"32":{"line":251,"type":"if","locations":[{"start":{"line":251,"column":8},"end":{"line":251,"column":8}},{"start":{"line":251,"column":8},"end":{"line":251,"column":8}}]},"33":{"line":252,"type":"if","locations":[{"start":{"line":252,"column":8},"end":{"line":252,"column":8}},{"start":{"line":252,"column":8},"end":{"line":252,"column":8}}]},"34":{"line":253,"type":"if","locations":[{"start":{"line":253,"column":8},"end":{"line":253,"column":8}},{"start":{"line":253,"column":8},"end":{"line":253,"column":8}}]},"35":{"line":272,"type":"if","locations":[{"start":{"line":272,"column":8},"end":{"line":272,"column":8}},{"start":{"line":272,"column":8},"end":{"line":272,"column":8}}]},"36":{"line":273,"type":"if","locations":[{"start":{"line":273,"column":8},"end":{"line":273,"column":8}},{"start":{"line":273,"column":8},"end":{"line":273,"column":8}}]},"37":{"line":274,"type":"if","locations":[{"start":{"line":274,"column":8},"end":{"line":274,"column":8}},{"start":{"line":274,"column":8},"end":{"line":274,"column":8}}]},"38":{"line":285,"type":"if","locations":[{"start":{"line":285,"column":8},"end":{"line":285,"column":8}},{"start":{"line":285,"column":8},"end":{"line":285,"column":8}}]},"39":{"line":286,"type":"if","locations":[{"start":{"line":286,"column":8},"end":{"line":286,"column":8}},{"start":{"line":286,"column":8},"end":{"line":286,"column":8}}]},"40":{"line":287,"type":"if","locations":[{"start":{"line":287,"column":8},"end":{"line":287,"column":8}},{"start":{"line":287,"column":8},"end":{"line":287,"column":8}}]},"41":{"line":301,"type":"if","locations":[{"start":{"line":301,"column":8},"end":{"line":301,"column":8}},{"start":{"line":301,"column":8},"end":{"line":301,"column":8}}]},"42":{"line":302,"type":"if","locations":[{"start":{"line":302,"column":8},"end":{"line":302,"column":8}},{"start":{"line":302,"column":8},"end":{"line":302,"column":8}}]},"43":{"line":319,"type":"if","locations":[{"start":{"line":319,"column":8},"end":{"line":319,"column":8}},{"start":{"line":319,"column":8},"end":{"line":319,"column":8}}]},"44":{"line":323,"type":"if","locations":[{"start":{"line":323,"column":8},"end":{"line":323,"column":8}},{"start":{"line":323,"column":8},"end":{"line":323,"column":8}}]}}},"contracts/LobbySessionPaymaster.sol":{"l":{"16":2,"25":0,"26":0,"27":0,"36":0,"37":0,"38":0,"39":0,"41":0,"42":0,"43":0,"44":0},"path":"/Users/radoslawrajda/Documents/Repos/CryptoCatan/contracts/contracts/LobbySessionPaymaster.sol","s":{"1":0,"2":0,"3":0,"4":0,"5":0,"6":0,"7":0,"8":0,"9":0,"10":0},"b":{"1":[0,0],"2":[0,0],"3":[0,0]},"f":{"1":2,"2":0,"3":0},"fnMap":{"1":{"name":"constructor","line":15,"loc":{"start":{"line":15,"column":4},"end":{"line":17,"column":4}}},"2":{"name":"_validatePaymasterUserOp","line":19,"loc":{"start":{"line":19,"column":4},"end":{"line":28,"column":4}}},"3":{"name":"_postOp","line":30,"loc":{"start":{"line":30,"column":4},"end":{"line":46,"column":4}}}},"statementMap":{"1":{"start":{"line":25,"column":8},"end":{"line":25,"column":76}},"2":{"start":{"line":26,"column":8},"end":{"line":26,"column":54}},"3":{"start":{"line":27,"column":8},"end":{"line":27,"column":45}},"4":{"start":{"line":37,"column":8},"end":{"line":37,"column":59}},"5":{"start":{"line":38,"column":8},"end":{"line":38,"column":1433}},"6":{"start":{"line":39,"column":12},"end":{"line":39,"column":18}},"7":{"start":{"line":41,"column":8},"end":{"line":41,"column":82}},"8":{"start":{"line":42,"column":8},"end":{"line":42,"column":43}},"9":{"start":{"line":43,"column":8},"end":{"line":43,"column":1627}},"10":{"start":{"line":44,"column":12},"end":{"line":44,"column":58}}},"branchMap":{"1":{"line":26,"type":"if","locations":[{"start":{"line":26,"column":8},"end":{"line":26,"column":8}},{"start":{"line":26,"column":8},"end":{"line":26,"column":8}}]},"2":{"line":38,"type":"if","locations":[{"start":{"line":38,"column":8},"end":{"line":38,"column":8}},{"start":{"line":38,"column":8},"end":{"line":38,"column":8}}]},"3":{"line":43,"type":"if","locations":[{"start":{"line":43,"column":8},"end":{"line":43,"column":8}},{"start":{"line":43,"column":8},"end":{"line":43,"column":8}}]}}},"contracts/PlayerState.sol":{"l":{"26":0,"27":0,"28":0,"29":0,"40":0,"41":0,"42":0},"path":"/Users/radoslawrajda/Documents/Repos/CryptoCatan/contracts/contracts/PlayerState.sol","s":{"1":0,"2":0,"3":0,"4":0},"b":{"1":[0,0],"2":[0,0],"3":[0,0],"4":[0,0]},"f":{"1":0,"2":0,"3":0},"fnMap":{"1":{"name":"constructor","line":23,"loc":{"start":{"line":23,"column":4},"end":{"line":23,"column":39}}},"2":{"name":"initPlayer","line":25,"loc":{"start":{"line":25,"column":4},"end":{"line":30,"column":4}}},"3":{"name":"setResources","line":39,"loc":{"start":{"line":32,"column":4},"end":{"line":43,"column":4}}}},"statementMap":{"1":{"start":{"line":26,"column":8},"end":{"line":26,"column":66}},"2":{"start":{"line":29,"column":8},"end":{"line":29,"column":38}},"3":{"start":{"line":40,"column":8},"end":{"line":40,"column":61}},"4":{"start":{"line":42,"column":8},"end":{"line":42,"column":69}}},"branchMap":{"1":{"line":25,"type":"if","locations":[{"start":{"line":25,"column":49},"end":{"line":25,"column":49}},{"start":{"line":25,"column":49},"end":{"line":25,"column":49}}]},"2":{"line":26,"type":"if","locations":[{"start":{"line":26,"column":8},"end":{"line":26,"column":8}},{"start":{"line":26,"column":8},"end":{"line":26,"column":8}}]},"3":{"line":39,"type":"if","locations":[{"start":{"line":39,"column":15},"end":{"line":39,"column":15}},{"start":{"line":39,"column":15},"end":{"line":39,"column":15}}]},"4":{"line":40,"type":"if","locations":[{"start":{"line":40,"column":8},"end":{"line":40,"column":8}},{"start":{"line":40,"column":8},"end":{"line":40,"column":8}}]}}},"contracts/Season.sol":{"l":{"17":0,"18":0,"19":0,"20":0,"24":0,"25":0,"26":0,"27":0},"path":"/Users/radoslawrajda/Documents/Repos/CryptoCatan/contracts/contracts/Season.sol","s":{"1":0,"2":0,"3":0},"b":{"1":[0,0],"2":[0,0],"3":[0,0]},"f":{"1":0,"2":0,"3":0},"fnMap":{"1":{"name":"constructor","line":14,"loc":{"start":{"line":14,"column":4},"end":{"line":14,"column":39}}},"2":{"name":"startSeason","line":16,"loc":{"start":{"line":16,"column":4},"end":{"line":21,"column":4}}},"3":{"name":"nextSeason","line":23,"loc":{"start":{"line":23,"column":4},"end":{"line":28,"column":4}}}},"statementMap":{"1":{"start":{"line":17,"column":8},"end":{"line":17,"column":50}},"2":{"start":{"line":20,"column":8},"end":{"line":20,"column":52}},"3":{"start":{"line":27,"column":8},"end":{"line":27,"column":37}}},"branchMap":{"1":{"line":16,"type":"if","locations":[{"start":{"line":16,"column":36},"end":{"line":16,"column":36}},{"start":{"line":16,"column":36},"end":{"line":16,"column":36}}]},"2":{"line":17,"type":"if","locations":[{"start":{"line":17,"column":8},"end":{"line":17,"column":8}},{"start":{"line":17,"column":8},"end":{"line":17,"column":8}}]},"3":{"line":23,"type":"if","locations":[{"start":{"line":23,"column":35},"end":{"line":23,"column":35}},{"start":{"line":23,"column":35},"end":{"line":23,"column":35}}]}}},"contracts/Structures.sol":{"l":{"30":0,"31":0,"32":0,"36":0,"37":0,"38":0,"39":0,"43":0,"44":0,"45":0},"path":"/Users/radoslawrajda/Documents/Repos/CryptoCatan/contracts/contracts/Structures.sol","s":{"1":0,"2":0,"3":0,"4":0,"5":0,"6":0,"7":0},"b":{"1":[0,0],"2":[0,0],"3":[0,0],"4":[0,0],"5":[0,0],"6":[0,0],"7":[0,0]},"f":{"1":0,"2":0,"3":0,"4":0},"fnMap":{"1":{"name":"constructor","line":27,"loc":{"start":{"line":27,"column":4},"end":{"line":27,"column":39}}},"2":{"name":"build","line":29,"loc":{"start":{"line":29,"column":4},"end":{"line":33,"column":4}}},"3":{"name":"upgrade","line":35,"loc":{"start":{"line":35,"column":4},"end":{"line":40,"column":4}}},"4":{"name":"remove","line":42,"loc":{"start":{"line":42,"column":4},"end":{"line":46,"column":4}}}},"statementMap":{"1":{"start":{"line":30,"column":8},"end":{"line":30,"column":69}},"2":{"start":{"line":32,"column":8},"end":{"line":32,"column":51}},"3":{"start":{"line":36,"column":8},"end":{"line":36,"column":63}},"4":{"start":{"line":37,"column":8},"end":{"line":37,"column":65}},"5":{"start":{"line":39,"column":8},"end":{"line":39,"column":40}},"6":{"start":{"line":43,"column":8},"end":{"line":43,"column":63}},"7":{"start":{"line":45,"column":8},"end":{"line":45,"column":36}}},"branchMap":{"1":{"line":29,"type":"if","locations":[{"start":{"line":29,"column":71},"end":{"line":29,"column":71}},{"start":{"line":29,"column":71},"end":{"line":29,"column":71}}]},"2":{"line":30,"type":"if","locations":[{"start":{"line":30,"column":8},"end":{"line":30,"column":8}},{"start":{"line":30,"column":8},"end":{"line":30,"column":8}}]},"3":{"line":35,"type":"if","locations":[{"start":{"line":35,"column":45},"end":{"line":35,"column":45}},{"start":{"line":35,"column":45},"end":{"line":35,"column":45}}]},"4":{"line":36,"type":"if","locations":[{"start":{"line":36,"column":8},"end":{"line":36,"column":8}},{"start":{"line":36,"column":8},"end":{"line":36,"column":8}}]},"5":{"line":37,"type":"if","locations":[{"start":{"line":37,"column":8},"end":{"line":37,"column":8}},{"start":{"line":37,"column":8},"end":{"line":37,"column":8}}]},"6":{"line":42,"type":"if","locations":[{"start":{"line":42,"column":44},"end":{"line":42,"column":44}},{"start":{"line":42,"column":44},"end":{"line":42,"column":44}}]},"7":{"line":43,"type":"if","locations":[{"start":{"line":43,"column":8},"end":{"line":43,"column":8}},{"start":{"line":43,"column":8},"end":{"line":43,"column":8}}]}}},"contracts/Ticket.sol":{"l":{"19":0,"20":0,"21":0,"23":0,"24":0,"25":0,"26":0,"28":0,"32":0,"33":0},"path":"/Users/radoslawrajda/Documents/Repos/CryptoCatan/contracts/contracts/Ticket.sol","s":{"1":0,"2":0,"3":0,"4":0,"5":0,"6":0,"7":0,"8":0},"b":{"1":[0,0],"2":[0,0],"3":[0,0],"4":[0,0]},"f":{"1":0,"2":0,"3":0},"fnMap":{"1":{"name":"constructor","line":16,"loc":{"start":{"line":16,"column":4},"end":{"line":16,"column":54}}},"2":{"name":"buyTicket","line":18,"loc":{"start":{"line":18,"column":4},"end":{"line":29,"column":4}}},"3":{"name":"withdraw","line":31,"loc":{"start":{"line":31,"column":4},"end":{"line":34,"column":4}}}},"statementMap":{"1":{"start":{"line":19,"column":8},"end":{"line":19,"column":32}},"2":{"start":{"line":20,"column":8},"end":{"line":20,"column":57}},"3":{"start":{"line":21,"column":8},"end":{"line":21,"column":65}},"4":{"start":{"line":23,"column":8},"end":{"line":23,"column":33}},"5":{"start":{"line":26,"column":8},"end":{"line":26,"column":32}},"6":{"start":{"line":28,"column":8},"end":{"line":28,"column":41}},"7":{"start":{"line":32,"column":8},"end":{"line":32,"column":63}},"8":{"start":{"line":33,"column":8},"end":{"line":33,"column":37}}},"branchMap":{"1":{"line":20,"type":"if","locations":[{"start":{"line":20,"column":8},"end":{"line":20,"column":8}},{"start":{"line":20,"column":8},"end":{"line":20,"column":8}}]},"2":{"line":21,"type":"if","locations":[{"start":{"line":21,"column":8},"end":{"line":21,"column":8}},{"start":{"line":21,"column":8},"end":{"line":21,"column":8}}]},"3":{"line":31,"type":"if","locations":[{"start":{"line":31,"column":51},"end":{"line":31,"column":51}},{"start":{"line":31,"column":51},"end":{"line":31,"column":51}}]},"4":{"line":33,"type":"if","locations":[{"start":{"line":33,"column":8},"end":{"line":33,"column":8}},{"start":{"line":33,"column":8},"end":{"line":33,"column":8}}]}}},"contracts/Voting.sol":{"l":{"27":0,"37":0,"38":0,"39":0,"43":0,"44":0,"45":0,"46":0,"48":0,"49":0,"50":0,"52":0,"55":0,"59":0,"60":0,"61":0,"63":0,"64":0,"66":0},"path":"/Users/radoslawrajda/Documents/Repos/CryptoCatan/contracts/contracts/Voting.sol","s":{"1":0,"2":0,"3":0,"4":0,"5":0,"6":0,"7":0,"8":0,"9":0,"10":0,"11":0,"12":0,"13":0,"14":0},"b":{"1":[0,0],"2":[0,0],"3":[0,0],"4":[0,0],"5":[0,0],"6":[0,0],"7":[0,0]},"f":{"1":0,"2":0,"3":0,"4":0},"fnMap":{"1":{"name":"constructor","line":24,"loc":{"start":{"line":24,"column":4},"end":{"line":24,"column":19}}},"2":{"name":"createProposal","line":26,"loc":{"start":{"line":26,"column":4},"end":{"line":40,"column":4}}},"3":{"name":"vote","line":42,"loc":{"start":{"line":42,"column":4},"end":{"line":56,"column":4}}},"4":{"name":"executeProposal","line":58,"loc":{"start":{"line":58,"column":4},"end":{"line":67,"column":4}}}},"statementMap":{"1":{"start":{"line":27,"column":8},"end":{"line":27,"column":843}},"2":{"start":{"line":37,"column":8},"end":{"line":37,"column":49}},"3":{"start":{"line":38,"column":8},"end":{"line":38,"column":58}},"4":{"start":{"line":39,"column":8},"end":{"line":39,"column":25}},"5":{"start":{"line":43,"column":8},"end":{"line":43,"column":57}},"6":{"start":{"line":44,"column":8},"end":{"line":44,"column":32}},"7":{"start":{"line":45,"column":8},"end":{"line":45,"column":68}},"8":{"start":{"line":46,"column":8},"end":{"line":46,"column":61}},"9":{"start":{"line":49,"column":8},"end":{"line":49,"column":1603}},"10":{"start":{"line":55,"column":8},"end":{"line":55,"column":46}},"11":{"start":{"line":59,"column":8},"end":{"line":59,"column":57}},"12":{"start":{"line":60,"column":8},"end":{"line":60,"column":73}},"13":{"start":{"line":61,"column":8},"end":{"line":61,"column":54}},"14":{"start":{"line":66,"column":8},"end":{"line":66,"column":49}}},"branchMap":{"1":{"line":26,"type":"if","locations":[{"start":{"line":26,"column":112},"end":{"line":26,"column":112}},{"start":{"line":26,"column":112},"end":{"line":26,"column":112}}]},"2":{"line":45,"type":"if","locations":[{"start":{"line":45,"column":8},"end":{"line":45,"column":8}},{"start":{"line":45,"column":8},"end":{"line":45,"column":8}}]},"3":{"line":46,"type":"if","locations":[{"start":{"line":46,"column":8},"end":{"line":46,"column":8}},{"start":{"line":46,"column":8},"end":{"line":46,"column":8}}]},"4":{"line":49,"type":"if","locations":[{"start":{"line":49,"column":8},"end":{"line":49,"column":8}},{"start":{"line":49,"column":8},"end":{"line":49,"column":8}}]},"5":{"line":58,"type":"if","locations":[{"start":{"line":58,"column":58},"end":{"line":58,"column":58}},{"start":{"line":58,"column":58},"end":{"line":58,"column":58}}]},"6":{"line":60,"type":"if","locations":[{"start":{"line":60,"column":8},"end":{"line":60,"column":8}},{"start":{"line":60,"column":8},"end":{"line":60,"column":8}}]},"7":{"line":61,"type":"if","locations":[{"start":{"line":61,"column":8},"end":{"line":61,"column":8}},{"start":{"line":61,"column":8},"end":{"line":61,"column":8}}]}}}}